09:37:21.004 [main                     ] DEBUG Logger               - Configured Logger
09:37:21.027 [main                     ] DEBUG GameApplication      - Logging settings
Title: Gemasoft 3D Engine
Version: 0.0
Width: 800
Height: 600
Fullscreen: false
Intro: false
Profiling: false
Single step:false
App Mode: DEVELOPER
Menu Key: ESCAPE
Stage Style: DECORATED
Scene Factory: class com.almasb.fxgl.app.scene.SceneFactory

09:37:21.358 [JavaFX Application Thread] DEBUG FXGLApplication      - Initializing FXGL
09:37:21.364 [JavaFX Application Thread] INFO  Engine               - FXGL-17.2 (20.08.2022 16.50) on WINDOWS (J:17 FX:17.0.6)
09:37:21.365 [JavaFX Application Thread] DEBUG Engine               - JRE Vendor Name: Oracle Corporation
09:37:21.365 [JavaFX Application Thread] DEBUG Engine               - Running on OS: Windows 10 version 10.0
09:37:21.365 [JavaFX Application Thread] DEBUG Engine               - Architecture: amd64
09:37:21.365 [JavaFX Application Thread] INFO  Engine               - Source code and latest versions at: https://github.com/AlmasB/FXGL
09:37:21.365 [JavaFX Application Thread] INFO  Engine               -       Ask questions and discuss at: https://github.com/AlmasB/FXGL/discussions
09:37:21.366 [JavaFX Application Thread] INFO  Engine               -              Join the FXGL chat at: https://gitter.im/AlmasB/FXGL
09:37:21.450 [JavaFX Application Thread] DEBUG PrimaryStageWindow   - Creating a JavaFX scene
09:37:21.486 [JavaFX Application Thread] DEBUG PrimaryStageWindow   - Target settings size: 800.0 x 600.0
09:37:21.486 [JavaFX Application Thread] DEBUG PrimaryStageWindow   - Scaled scene size:    800.0 x 600.0
09:37:21.487 [JavaFX Application Thread] DEBUG PrimaryStageWindow   - Scaled ratio: (1.0, 1.0)
09:37:21.488 [JavaFX Application Thread] DEBUG PrimaryStageWindow   - Set initial scene to FXGLStartupScene
09:37:21.494 [JavaFX Application Thread] DEBUG PrimaryStageWindow   - Opening main window
09:37:21.584 [JavaFX Application Thread] DEBUG PrimaryStageWindow   - Window border size: (16.0, 39.0)
09:37:21.585 [JavaFX Application Thread] DEBUG PrimaryStageWindow   - Scaled size: 800.0 x 600.0
09:37:21.585 [JavaFX Application Thread] DEBUG PrimaryStageWindow   - Scaled ratio: (1.0, 1.0)
09:37:21.585 [JavaFX Application Thread] DEBUG PrimaryStageWindow   - Scene size: 800.0 x 600.0
09:37:21.586 [JavaFX Application Thread] DEBUG PrimaryStageWindow   - Stage size: 816.0 x 639.0
09:37:21.595 [FXGL Background Thread 1 ] DEBUG Engine               - Initializing environment variables
09:37:21.634 [FXGL Background Thread 1 ] DEBUG FXGLAssetLoaderServi - User app class for loading assets: class com.gemasoft.gema_engine.HelloApplication
09:37:21.635 [FXGL Background Thread 1 ] DEBUG GameApplicationServi - Applying CSS: fxgl_dark.css
09:37:21.635 [FXGL Background Thread 1 ] DEBUG FXGLAssetLoaderServi - Loading from file system: jar:file:///C:/Users/m1gmartin/.m2/repository/com/github/almasb/fxgl/17.2/fxgl-17.2.jar!/fxglassets/ui/css/fxgl_dark.css
09:37:21.703 [FXGL Background Thread 1 ] DEBUG GameApplicationServi - Initializing application scenes
09:37:21.775 [FXGL Background Thread 1 ] DEBUG GameWorld            - Game world initialized
09:37:21.862 [FXGL Background Thread 1 ] DEBUG PhysicsWorld         - Physics world initialized: appHeight=600, physics.ppm=50.0
09:37:21.862 [FXGL Background Thread 1 ] DEBUG PhysicsWorld         - Using strategy: BRUTE_FORCE
09:37:21.869 [FXGL Background Thread 1 ] DEBUG GameScene            - Game scene initialized: 800x600
09:37:21.889 [FXGL Background Thread 1 ] DEBUG FXGL.DefaultMenu     - createMenuBodyGameMenu()
09:37:21.909 [FXGL Background Thread 1 ] DEBUG FXGL.DefaultMenu     - createOptionsMenu()
09:37:21.917 [FXGL Background Thread 1 ] DEBUG FXGLAssetLoaderServi - Loading from file system: jar:file:///C:/Users/m1gmartin/.m2/repository/com/github/almasb/fxgl/17.2/fxgl-17.2.jar!/fxglassets/textures/particles/smoke.png
09:37:21.981 [FXGL Background Thread 1 ] DEBUG FXGLAssetLoaderServi - Loading from file system: jar:file:///C:/Users/m1gmartin/.m2/repository/com/github/almasb/fxgl/17.2/fxgl-17.2.jar!/fxglassets/textures/particles/trace_horizontal.png
09:37:22.002 [FXGL Background Thread 1 ] DEBUG GameApplicationServi - Application scenes initialized
09:37:22.016 [FXGL Background Thread 1 ] DEBUG SystemBundleService  - Loading default FXGL system data
09:37:22.016 [FXGL Background Thread 1 ] DEBUG UpdaterService       - Checking for updates
09:37:22.023 [FXGL Background Thread 4 ] DEBUG FXGLApplication      - Loading fonts
09:37:22.024 [FXGL Background Thread 1 ] DEBUG FXGLApplication      - Loading default localization
09:37:22.024 [FXGL Background Thread 4 ] DEBUG FXGLAssetLoaderServi - Loading from file system: jar:file:///C:/Users/m1gmartin/.m2/repository/com/github/almasb/fxgl/17.2/fxgl-17.2.jar!/fxglassets/ui/fonts/VarelaRound-Regular.ttf
09:37:22.024 [FXGL Background Thread 1 ] DEBUG FXGLAssetLoaderServi - Loading from file system: jar:file:///C:/Users/m1gmartin/.m2/repository/com/github/almasb/fxgl/17.2/fxgl-17.2.jar!/fxglassets/languages/english.lang
09:37:22.040 [FXGL Background Thread 1 ] INFO  FXGLApplication      - FXGL initialization took: 0.445 sec
09:37:22.041 [JavaFX Application Thread] DEBUG FXGLAssetLoaderServi - Loading from file system: jar:file:///C:/Users/m1gmartin/.m2/repository/com/github/almasb/fxgl/17.2/fxgl-17.2.jar!/fxglassets/textures/fxgl_icon.png
09:37:22.058 [JavaFX Application Thread] DEBUG FXGLAssetLoaderServi - Loading from file system: jar:file:///C:/Users/m1gmartin/.m2/repository/com/github/almasb/fxgl/17.2/fxgl-17.2.jar!/fxglassets/textures/fxgl_default_cursor.png
09:37:22.070 [JavaFX Application Thread] DEBUG Input                - Registered new binding: Screenshot - CTRL+8
09:37:22.070 [JavaFX Application Thread] DEBUG Input                - Registered new binding: System info dump - CTRL+9
09:37:22.070 [JavaFX Application Thread] DEBUG Input                - Registered new binding: Restart - CTRL+R
09:37:22.071 [JavaFX Application Thread] DEBUG Input                - Registered new binding: Toggle Debug Camera - CTRL+7
09:37:22.072 [JavaFX Application Thread] DEBUG LoopRunner           - Starting loop
09:37:22.072 [JavaFX Application Thread] DEBUG LoopRunner           - Initializing JavaFX AnimationTimerLoop
09:37:22.074 [JavaFX Application Thread] DEBUG GameApplicationServi - Starting new game
09:37:22.074 [JavaFX Application Thread] DEBUG Input                - Clearing active input actions
09:37:22.084 [JavaFX Application Thread] DEBUG GameApplicationServi - Removing overlay from FXGLStartupScene and adding to FXGLLoadingScene
09:37:22.085 [JavaFX Application Thread] DEBUG PrimaryStageWindow   - FXGLStartupScene -> FXGLLoadingScene
09:37:22.085 [JavaFX Application Thread] DEBUG GameApplicationServi - Clearing previous game
09:37:22.085 [JavaFX Application Thread] DEBUG GameScene            - Clearing game scene
09:37:22.085 [JavaFX Application Thread] DEBUG GameWorld            - Clearing game world
09:37:22.085 [JavaFX Application Thread] DEBUG PhysicsWorld         - Clearing physics world
09:37:22.087 [FXGL Background Thread 1 ] DEBUG FXGLApplication      - Initializing game
09:37:22.088 [FXGL Background Thread 1 ] INFO  FXGLApplication      - Game initialization took: 0.001 sec
09:37:22.117 [JavaFX Application Thread] DEBUG Input                - Clearing active input actions
09:37:22.123 [JavaFX Application Thread] DEBUG GameApplicationServi - Removing overlay from FXGLLoadingScene and adding to GameScene
09:37:22.123 [JavaFX Application Thread] DEBUG PrimaryStageWindow   - FXGLLoadingScene -> GameScene
09:37:22.155 [FXGL Background Thread 4 ] DEBUG FXGLAssetLoaderServi - Loading from file system: jar:file:///C:/Users/m1gmartin/.m2/repository/com/github/almasb/fxgl/17.2/fxgl-17.2.jar!/fxglassets/ui/fonts/Abel-Regular.ttf
09:37:22.163 [FXGL Background Thread 4 ] DEBUG FXGLAssetLoaderServi - Loading from file system: jar:file:///C:/Users/m1gmartin/.m2/repository/com/github/almasb/fxgl/17.2/fxgl-17.2.jar!/fxglassets/ui/fonts/TerminalLandMono-Regular.otf
09:37:22.170 [FXGL Background Thread 4 ] DEBUG FXGLAssetLoaderServi - Loading from file system: jar:file:///C:/Users/m1gmartin/.m2/repository/com/github/almasb/fxgl/17.2/fxgl-17.2.jar!/fxglassets/ui/fonts/Courier-Prime.ttf
09:37:22.179 [JavaFX Application Thread] DEBUG FXGLApplication      - Registering font factories with UI factory
09:37:22.674 [FXGL Background Thread 2 ] INFO  UpdaterService       - Your current version:  17.2
09:37:22.675 [FXGL Background Thread 2 ] INFO  UpdaterService       - Latest stable version: 21
09:37:25.019 [FXGL Background Thread 3 ] DEBUG Engine               - Logging environment variables
09:37:25.019 [FXGL Background Thread 3 ] DEBUG Engine               - achievements: []
09:37:25.019 [FXGL Background Thread 3 ] DEBUG Engine               - actualHeight: 600.0
09:37:25.019 [FXGL Background Thread 3 ] DEBUG Engine               - actualHeightProperty: ReadOnlyDoubleProperty [value: 600.0]
09:37:25.019 [FXGL Background Thread 3 ] DEBUG Engine               - actualWidth: 800.0
09:37:25.019 [FXGL Background Thread 3 ] DEBUG Engine               - actualWidthProperty: ReadOnlyDoubleProperty [value: 800.0]
09:37:25.019 [FXGL Background Thread 3 ] DEBUG Engine               - appIcon: fxgl_icon.png
09:37:25.020 [FXGL Background Thread 3 ] DEBUG Engine               - applicationMode: DEVELOPER
09:37:25.020 [FXGL Background Thread 3 ] DEBUG Engine               - cSSList: [fxgl_dark.css]
09:37:25.020 [FXGL Background Thread 3 ] DEBUG Engine               - collisionDetectionStrategy: BRUTE_FORCE
09:37:25.020 [FXGL Background Thread 3 ] DEBUG Engine               - configClass: Optional.empty
09:37:25.020 [FXGL Background Thread 3 ] DEBUG Engine               - credits: []
09:37:25.020 [FXGL Background Thread 3 ] DEBUG Engine               - defaultCursor: CursorInfo(imageName=fxgl_default_cursor.png, hotspotX=7.0, hotspotY=6.0)
09:37:25.020 [FXGL Background Thread 3 ] DEBUG Engine               - devBBoxColorProperty: ObjectProperty [value: 0xff0000ff]
09:37:25.020 [FXGL Background Thread 3 ] DEBUG Engine               - devEnableDebugCameraProperty: BooleanProperty [value: false]
09:37:25.020 [FXGL Background Thread 3 ] DEBUG Engine               - devSensorColorProperty: ObjectProperty [value: 0xffff00ff]
09:37:25.020 [FXGL Background Thread 3 ] DEBUG Engine               - devShowBBoxProperty: BooleanProperty [value: false]
09:37:25.021 [FXGL Background Thread 3 ] DEBUG Engine               - devShowPositionProperty: BooleanProperty [value: false]
09:37:25.021 [FXGL Background Thread 3 ] DEBUG Engine               - enabledMenuItems: []
09:37:25.021 [FXGL Background Thread 3 ] DEBUG Engine               - engineServices: [class com.almasb.fxgl.app.services.FXGLAssetLoaderService, class com.almasb.fxgl.app.FXGLApplication$GameApplicationService, class com.almasb.fxgl.app.services.FXGLDialogService, class com.almasb.fxgl.app.services.IOTaskExecutorService, class com.almasb.fxgl.io.FileSystemService, class com.almasb.fxgl.localization.LocalizationService, class com.almasb.fxgl.app.services.SystemBundleService, class com.almasb.fxgl.profile.SaveLoadService, class com.almasb.fxgl.ui.FXGLUIFactoryServiceProvider, class com.almasb.fxgl.ui.FXGLDialogFactoryServiceProvider, class com.almasb.fxgl.audio.AudioPlayer, class com.almasb.fxgl.notification.impl.NotificationServiceProvider, class com.almasb.fxgl.achievement.AchievementService, class com.almasb.fxgl.cutscene.CutsceneService, class com.almasb.fxgl.minigames.MiniGameService, class com.almasb.fxgl.net.NetService, class com.almasb.fxgl.app.services.UpdaterService, class com.almasb.fxgl.dev.DevService]
09:37:25.021 [FXGL Background Thread 3 ] DEBUG Engine               - fontGame: Abel-Regular.ttf
09:37:25.021 [FXGL Background Thread 3 ] DEBUG Engine               - fontMono: TerminalLandMono-Regular.otf
09:37:25.021 [FXGL Background Thread 3 ] DEBUG Engine               - fontText: Courier-Prime.ttf
09:37:25.021 [FXGL Background Thread 3 ] DEBUG Engine               - fontUI: VarelaRound-Regular.ttf
09:37:25.021 [FXGL Background Thread 3 ] DEBUG Engine               - fullScreen: BooleanProperty [value: false]
09:37:25.021 [FXGL Background Thread 3 ] DEBUG Engine               - gameDifficulty: MEDIUM
09:37:25.021 [FXGL Background Thread 3 ] DEBUG Engine               - gameDifficultyProperty: ObjectProperty [value: MEDIUM]
09:37:25.021 [FXGL Background Thread 3 ] DEBUG Engine               - globalMusicVolume: 0.5
09:37:25.021 [FXGL Background Thread 3 ] DEBUG Engine               - globalMusicVolumeProperty: DoubleProperty [value: 0.5]
09:37:25.021 [FXGL Background Thread 3 ] DEBUG Engine               - globalSoundVolume: 0.5
09:37:25.021 [FXGL Background Thread 3 ] DEBUG Engine               - globalSoundVolumeProperty: DoubleProperty [value: 0.5]
09:37:25.021 [FXGL Background Thread 3 ] DEBUG Engine               - height: 600
09:37:25.022 [FXGL Background Thread 3 ] DEBUG Engine               - is3D: false
09:37:25.022 [FXGL Background Thread 3 ] DEBUG Engine               - isAndroid: false
09:37:25.022 [FXGL Background Thread 3 ] DEBUG Engine               - isBrowser: false
09:37:25.022 [FXGL Background Thread 3 ] DEBUG Engine               - isClickFeedbackEnabled: false
09:37:25.022 [FXGL Background Thread 3 ] DEBUG Engine               - isCloseConfirmation: false
09:37:25.022 [FXGL Background Thread 3 ] DEBUG Engine               - isDesktop: true
09:37:25.022 [FXGL Background Thread 3 ] DEBUG Engine               - isDeveloperMenuEnabled: false
09:37:25.022 [FXGL Background Thread 3 ] DEBUG Engine               - isEmbedded: false
09:37:25.022 [FXGL Background Thread 3 ] DEBUG Engine               - isEntityPreloadEnabled: true
09:37:25.022 [FXGL Background Thread 3 ] DEBUG Engine               - isExperimentalTiledLargeMap: false
09:37:25.023 [FXGL Background Thread 3 ] DEBUG Engine               - isFileSystemWriteAllowed: true
09:37:25.023 [FXGL Background Thread 3 ] DEBUG Engine               - isFullScreenAllowed: false
09:37:25.023 [FXGL Background Thread 3 ] DEBUG Engine               - isFullScreenFromStart: false
09:37:25.023 [FXGL Background Thread 3 ] DEBUG Engine               - isGameMenuEnabled: true
09:37:25.023 [FXGL Background Thread 3 ] DEBUG Engine               - isIOS: false
09:37:25.023 [FXGL Background Thread 3 ] DEBUG Engine               - isIntroEnabled: false
09:37:25.023 [FXGL Background Thread 3 ] DEBUG Engine               - isLinux: false
09:37:25.023 [FXGL Background Thread 3 ] DEBUG Engine               - isMac: false
09:37:25.024 [FXGL Background Thread 3 ] DEBUG Engine               - isMainMenuEnabled: false
09:37:25.024 [FXGL Background Thread 3 ] DEBUG Engine               - isManualResizeEnabled: false
09:37:25.024 [FXGL Background Thread 3 ] DEBUG Engine               - isMobile: false
09:37:25.024 [FXGL Background Thread 3 ] DEBUG Engine               - isNative: false
09:37:25.024 [FXGL Background Thread 3 ] DEBUG Engine               - isPauseMusicWhenMinimized: true
09:37:25.024 [FXGL Background Thread 3 ] DEBUG Engine               - isPreserveResizeRatio: false
09:37:25.024 [FXGL Background Thread 3 ] DEBUG Engine               - isProfilingEnabled: false
09:37:25.024 [FXGL Background Thread 3 ] DEBUG Engine               - isScaleAffectedOnResize: true
09:37:25.024 [FXGL Background Thread 3 ] DEBUG Engine               - isSingleStep: false
09:37:25.025 [FXGL Background Thread 3 ] DEBUG Engine               - isUserProfileEnabled: false
09:37:25.025 [FXGL Background Thread 3 ] DEBUG Engine               - isWindows: true
09:37:25.025 [FXGL Background Thread 3 ] DEBUG Engine               - language: ObjectProperty [value: ENGLISH]
09:37:25.025 [FXGL Background Thread 3 ] DEBUG Engine               - menuKey: ESCAPE
09:37:25.025 [FXGL Background Thread 3 ] DEBUG Engine               - mouseSensitivity: 0.2
09:37:25.025 [FXGL Background Thread 3 ] DEBUG Engine               - notificationViewClass: class com.almasb.fxgl.notification.view.XboxNotificationView
09:37:25.025 [FXGL Background Thread 3 ] DEBUG Engine               - pixelsPerMeter: 50.0
09:37:25.025 [FXGL Background Thread 3 ] DEBUG Engine               - platform: WINDOWS
09:37:25.025 [FXGL Background Thread 3 ] DEBUG Engine               - prefHeightProperty: ReadOnlyDoubleProperty [value: 600.0]
09:37:25.025 [FXGL Background Thread 3 ] DEBUG Engine               - prefWidthProperty: ReadOnlyDoubleProperty [value: 800.0]
09:37:25.025 [FXGL Background Thread 3 ] DEBUG Engine               - profileDir: profiles/
09:37:25.025 [FXGL Background Thread 3 ] DEBUG Engine               - profileName: StringProperty [value: DEFAULT]
09:37:25.026 [FXGL Background Thread 3 ] DEBUG Engine               - randomSeed: -1
09:37:25.026 [FXGL Background Thread 3 ] DEBUG Engine               - runtimeInfo: RuntimeInfo(platform=WINDOWS, version=17.2, build=20.08.2022 16.50)
09:37:25.026 [FXGL Background Thread 3 ] DEBUG Engine               - saveFileExt: sav
09:37:25.026 [FXGL Background Thread 3 ] DEBUG Engine               - scaledHeightProp$fxgl: DoubleProperty [bound, value: 600.0]
09:37:25.026 [FXGL Background Thread 3 ] DEBUG Engine               - scaledWidthProp$fxgl: DoubleProperty [bound, value: 800.0]
09:37:25.027 [FXGL Background Thread 3 ] DEBUG Engine               - sceneFactory: com.almasb.fxgl.app.scene.SceneFactory@634d08d5
09:37:25.027 [FXGL Background Thread 3 ] DEBUG Engine               - secondsIn24h: 60
09:37:25.027 [FXGL Background Thread 3 ] DEBUG Engine               - soundMenuBack: menu/back.wav
09:37:25.027 [FXGL Background Thread 3 ] DEBUG Engine               - soundMenuPress: menu/press.wav
09:37:25.027 [FXGL Background Thread 3 ] DEBUG Engine               - soundMenuSelect: menu/select.wav
09:37:25.027 [FXGL Background Thread 3 ] DEBUG Engine               - soundNotification: core/notification.wav
09:37:25.027 [FXGL Background Thread 3 ] DEBUG Engine               - stageStyle: DECORATED
09:37:25.027 [FXGL Background Thread 3 ] DEBUG Engine               - supportedLanguages: [ENGLISH, FRENCH, GERMAN, HUNGARIAN, RUSSIAN]
09:37:25.027 [FXGL Background Thread 3 ] DEBUG Engine               - ticksPerSecond: -1
09:37:25.027 [FXGL Background Thread 3 ] DEBUG Engine               - title: Gemasoft 3D Engine
09:37:25.027 [FXGL Background Thread 3 ] DEBUG Engine               - urlGithub: https://github.com/AlmasB/FXGL
09:37:25.028 [FXGL Background Thread 3 ] DEBUG Engine               - urlLeaderboard: http://fxgl-top.herokuapp.com/
09:37:25.028 [FXGL Background Thread 3 ] DEBUG Engine               - urlPOM: https://raw.githubusercontent.com/AlmasB/FXGL/release/README.md
09:37:25.028 [FXGL Background Thread 3 ] DEBUG Engine               - userAppClass: class com.gemasoft.gema_engine.HelloApplication
09:37:25.028 [FXGL Background Thread 3 ] DEBUG Engine               - version: 0.0
09:37:25.028 [FXGL Background Thread 3 ] DEBUG Engine               - versionCheckDays: 7
09:37:25.028 [FXGL Background Thread 3 ] DEBUG Engine               - width: 800
09:37:25.028 [FXGL Background Thread 3 ] DEBUG Engine               - Logging services
09:37:25.028 [FXGL Background Thread 3 ] DEBUG Engine               - class com.almasb.fxgl.app.services.FXGLAssetLoaderService
09:37:25.028 [FXGL Background Thread 3 ] DEBUG Engine               - class com.almasb.fxgl.app.FXGLApplication$GameApplicationService
09:37:25.028 [FXGL Background Thread 3 ] DEBUG Engine               - class com.almasb.fxgl.app.services.FXGLDialogService
09:37:25.028 [FXGL Background Thread 3 ] DEBUG Engine               - class com.almasb.fxgl.app.services.IOTaskExecutorService
09:37:25.028 [FXGL Background Thread 3 ] DEBUG Engine               - class com.almasb.fxgl.io.FileSystemService
09:37:25.028 [FXGL Background Thread 3 ] DEBUG Engine               - class com.almasb.fxgl.localization.LocalizationService
09:37:25.029 [FXGL Background Thread 3 ] DEBUG Engine               - class com.almasb.fxgl.app.services.SystemBundleService
09:37:25.029 [FXGL Background Thread 3 ] DEBUG Engine               - class com.almasb.fxgl.profile.SaveLoadService
09:37:25.029 [FXGL Background Thread 3 ] DEBUG Engine               - class com.almasb.fxgl.ui.FXGLUIFactoryServiceProvider
09:37:25.029 [FXGL Background Thread 3 ] DEBUG Engine               - class com.almasb.fxgl.ui.FXGLDialogFactoryServiceProvider
09:37:25.029 [FXGL Background Thread 3 ] DEBUG Engine               - class com.almasb.fxgl.audio.AudioPlayer
09:37:25.029 [FXGL Background Thread 3 ] DEBUG Engine               - class com.almasb.fxgl.notification.impl.NotificationServiceProvider
09:37:25.029 [FXGL Background Thread 3 ] DEBUG Engine               - class com.almasb.fxgl.achievement.AchievementService
09:37:25.029 [FXGL Background Thread 3 ] DEBUG Engine               - class com.almasb.fxgl.cutscene.CutsceneService
09:37:25.029 [FXGL Background Thread 3 ] DEBUG Engine               - class com.almasb.fxgl.minigames.MiniGameService
09:37:25.029 [FXGL Background Thread 3 ] DEBUG Engine               - class com.almasb.fxgl.net.NetService
09:37:25.029 [FXGL Background Thread 3 ] DEBUG Engine               - class com.almasb.fxgl.app.services.UpdaterService
09:37:25.029 [FXGL Background Thread 3 ] DEBUG Engine               - class com.almasb.fxgl.dev.DevService
09:37:32.170 [JavaFX Application Thread] DEBUG FXGLApplication      - Exiting FXGL
09:37:32.170 [JavaFX Application Thread] DEBUG LoopRunner           - Stopping loop
09:37:32.170 [JavaFX Application Thread] DEBUG SystemBundleService  - Saving FXGL system data
09:37:32.173 [JavaFX Application Thread] DEBUG FileSystemAccess     - Writing to: C:\Users\m1gmartin\IdeaProjects\GemaEngine\system\fxgl.bundle
09:37:32.178 [JavaFX Application Thread] DEBUG Async                - Shutting down background threads
09:37:32.179 [JavaFX Application Thread] DEBUG PrimaryStageWindow   - Closing main window
09:37:32.185 [JavaFX Application Thread] DEBUG Logger               - Closing Logger
