09:45:06.074 [main                     ] DEBUG Logger               - Configured Logger
09:45:06.106 [main                     ] DEBUG GameApplication      - Logging settings
Title: Gemasoft 3D Engine
Version: 0.0
Width: 800
Height: 600
Fullscreen: false
Intro: false
Profiling: false
Single step:false
App Mode: DEVELOPER
Menu Key: ESCAPE
Stage Style: DECORATED
Scene Factory: class com.almasb.fxgl.app.scene.SceneFactory

09:45:06.434 [JavaFX Application Thread] DEBUG FXGLApplication      - Initializing FXGL
09:45:06.438 [JavaFX Application Thread] INFO  Engine               - FXGL-17.2 (20.08.2022 16.50) on WINDOWS (J:17 FX:17.0.6)
09:45:06.439 [JavaFX Application Thread] DEBUG Engine               - JRE Vendor Name: Oracle Corporation
09:45:06.439 [JavaFX Application Thread] DEBUG Engine               - Running on OS: Windows 10 version 10.0
09:45:06.439 [JavaFX Application Thread] DEBUG Engine               - Architecture: amd64
09:45:06.439 [JavaFX Application Thread] INFO  Engine               - Source code and latest versions at: https://github.com/AlmasB/FXGL
09:45:06.439 [JavaFX Application Thread] INFO  Engine               -       Ask questions and discuss at: https://github.com/AlmasB/FXGL/discussions
09:45:06.440 [JavaFX Application Thread] INFO  Engine               -              Join the FXGL chat at: https://gitter.im/AlmasB/FXGL
09:45:06.509 [JavaFX Application Thread] DEBUG PrimaryStageWindow   - Creating a JavaFX scene
09:45:06.547 [JavaFX Application Thread] DEBUG PrimaryStageWindow   - Target settings size: 800.0 x 600.0
09:45:06.547 [JavaFX Application Thread] DEBUG PrimaryStageWindow   - Scaled scene size:    800.0 x 600.0
09:45:06.547 [JavaFX Application Thread] DEBUG PrimaryStageWindow   - Scaled ratio: (1.0, 1.0)
09:45:06.548 [JavaFX Application Thread] DEBUG PrimaryStageWindow   - Set initial scene to FXGLStartupScene
09:45:06.553 [JavaFX Application Thread] DEBUG PrimaryStageWindow   - Opening main window
09:45:06.636 [JavaFX Application Thread] DEBUG PrimaryStageWindow   - Window border size: (16.0, 39.0)
09:45:06.636 [JavaFX Application Thread] DEBUG PrimaryStageWindow   - Scaled size: 800.0 x 600.0
09:45:06.636 [JavaFX Application Thread] DEBUG PrimaryStageWindow   - Scaled ratio: (1.0, 1.0)
09:45:06.636 [JavaFX Application Thread] DEBUG PrimaryStageWindow   - Scene size: 800.0 x 600.0
09:45:06.637 [JavaFX Application Thread] DEBUG PrimaryStageWindow   - Stage size: 816.0 x 639.0
09:45:06.646 [FXGL Background Thread 1 ] DEBUG Engine               - Initializing environment variables
09:45:06.684 [FXGL Background Thread 1 ] DEBUG FXGLAssetLoaderServi - User app class for loading assets: class com.gemasoft.gema_engine.HelloApplication
09:45:06.685 [FXGL Background Thread 1 ] DEBUG GameApplicationServi - Applying CSS: fxgl_dark.css
09:45:06.686 [FXGL Background Thread 1 ] DEBUG FXGLAssetLoaderServi - Loading from file system: jar:file:///C:/Users/m1gmartin/.m2/repository/com/github/almasb/fxgl/17.2/fxgl-17.2.jar!/fxglassets/ui/css/fxgl_dark.css
09:45:06.752 [FXGL Background Thread 1 ] DEBUG GameApplicationServi - Initializing application scenes
09:45:06.811 [FXGL Background Thread 1 ] DEBUG GameWorld            - Game world initialized
09:45:06.894 [FXGL Background Thread 1 ] DEBUG PhysicsWorld         - Physics world initialized: appHeight=600, physics.ppm=50.0
09:45:06.895 [FXGL Background Thread 1 ] DEBUG PhysicsWorld         - Using strategy: BRUTE_FORCE
09:45:06.901 [FXGL Background Thread 1 ] DEBUG GameScene            - Game scene initialized: 800x600
09:45:06.917 [FXGL Background Thread 1 ] DEBUG FXGL.DefaultMenu     - createMenuBodyGameMenu()
09:45:06.938 [FXGL Background Thread 1 ] DEBUG FXGL.DefaultMenu     - createOptionsMenu()
09:45:06.955 [FXGL Background Thread 1 ] DEBUG FXGLAssetLoaderServi - Loading from file system: jar:file:///C:/Users/m1gmartin/.m2/repository/com/github/almasb/fxgl/17.2/fxgl-17.2.jar!/fxglassets/textures/particles/smoke.png
09:45:07.023 [FXGL Background Thread 1 ] DEBUG FXGLAssetLoaderServi - Loading from file system: jar:file:///C:/Users/m1gmartin/.m2/repository/com/github/almasb/fxgl/17.2/fxgl-17.2.jar!/fxglassets/textures/particles/trace_horizontal.png
09:45:07.044 [FXGL Background Thread 1 ] DEBUG GameApplicationServi - Application scenes initialized
09:45:07.052 [FXGL Background Thread 1 ] DEBUG SystemBundleService  - Loading FXGL system data
09:45:07.055 [FXGL Background Thread 1 ] DEBUG FileSystemAccess     - Reading from: C:\Users\m1gmartin\IdeaProjects\GemaEngine\system\fxgl.bundle
09:45:07.059 [FXGL Background Thread 1 ] DEBUG SystemBundleService  - Bundle FXGL: {}
09:45:07.059 [FXGL Background Thread 1 ] DEBUG UpdaterService       - Checking for updates
09:45:07.062 [FXGL Background Thread 4 ] DEBUG FXGLApplication      - Loading fonts
09:45:07.063 [FXGL Background Thread 1 ] DEBUG FXGLApplication      - Loading default localization
09:45:07.063 [FXGL Background Thread 4 ] DEBUG FXGLAssetLoaderServi - Loading from file system: jar:file:///C:/Users/m1gmartin/.m2/repository/com/github/almasb/fxgl/17.2/fxgl-17.2.jar!/fxglassets/ui/fonts/VarelaRound-Regular.ttf
09:45:07.063 [FXGL Background Thread 1 ] DEBUG FXGLAssetLoaderServi - Loading from file system: jar:file:///C:/Users/m1gmartin/.m2/repository/com/github/almasb/fxgl/17.2/fxgl-17.2.jar!/fxglassets/languages/english.lang
09:45:07.079 [FXGL Background Thread 1 ] INFO  FXGLApplication      - FXGL initialization took: 0.432 sec
09:45:07.080 [JavaFX Application Thread] DEBUG FXGLAssetLoaderServi - Loading from file system: jar:file:///C:/Users/m1gmartin/.m2/repository/com/github/almasb/fxgl/17.2/fxgl-17.2.jar!/fxglassets/textures/fxgl_icon.png
09:45:07.100 [JavaFX Application Thread] DEBUG FXGLAssetLoaderServi - Loading from file system: jar:file:///C:/Users/m1gmartin/.m2/repository/com/github/almasb/fxgl/17.2/fxgl-17.2.jar!/fxglassets/textures/fxgl_default_cursor.png
09:45:07.113 [JavaFX Application Thread] DEBUG Input                - Registered new binding: Screenshot - CTRL+8
09:45:07.114 [JavaFX Application Thread] DEBUG Input                - Registered new binding: System info dump - CTRL+9
09:45:07.115 [JavaFX Application Thread] DEBUG Input                - Registered new binding: Restart - CTRL+R
09:45:07.116 [JavaFX Application Thread] DEBUG Input                - Registered new binding: Toggle Debug Camera - CTRL+7
09:45:07.118 [JavaFX Application Thread] DEBUG LoopRunner           - Starting loop
09:45:07.118 [JavaFX Application Thread] DEBUG LoopRunner           - Initializing JavaFX AnimationTimerLoop
09:45:07.119 [JavaFX Application Thread] DEBUG GameApplicationServi - Starting new game
09:45:07.119 [JavaFX Application Thread] DEBUG Input                - Clearing active input actions
09:45:07.128 [JavaFX Application Thread] DEBUG GameApplicationServi - Removing overlay from FXGLStartupScene and adding to FXGLLoadingScene
09:45:07.129 [JavaFX Application Thread] DEBUG PrimaryStageWindow   - FXGLStartupScene -> FXGLLoadingScene
09:45:07.129 [JavaFX Application Thread] DEBUG GameApplicationServi - Clearing previous game
09:45:07.129 [JavaFX Application Thread] DEBUG GameScene            - Clearing game scene
09:45:07.129 [JavaFX Application Thread] DEBUG GameWorld            - Clearing game world
09:45:07.129 [JavaFX Application Thread] DEBUG PhysicsWorld         - Clearing physics world
09:45:07.131 [FXGL Background Thread 1 ] DEBUG FXGLApplication      - Initializing game
09:45:07.132 [FXGL Background Thread 1 ] INFO  FXGLApplication      - Game initialization took: 0.001 sec
09:45:07.156 [JavaFX Application Thread] DEBUG Input                - Clearing active input actions
09:45:07.165 [JavaFX Application Thread] DEBUG GameApplicationServi - Removing overlay from FXGLLoadingScene and adding to GameScene
09:45:07.165 [JavaFX Application Thread] DEBUG PrimaryStageWindow   - FXGLLoadingScene -> GameScene
09:45:07.193 [FXGL Background Thread 4 ] DEBUG FXGLAssetLoaderServi - Loading from file system: jar:file:///C:/Users/m1gmartin/.m2/repository/com/github/almasb/fxgl/17.2/fxgl-17.2.jar!/fxglassets/ui/fonts/Abel-Regular.ttf
09:45:07.200 [FXGL Background Thread 4 ] DEBUG FXGLAssetLoaderServi - Loading from file system: jar:file:///C:/Users/m1gmartin/.m2/repository/com/github/almasb/fxgl/17.2/fxgl-17.2.jar!/fxglassets/ui/fonts/TerminalLandMono-Regular.otf
09:45:07.208 [FXGL Background Thread 4 ] DEBUG FXGLAssetLoaderServi - Loading from file system: jar:file:///C:/Users/m1gmartin/.m2/repository/com/github/almasb/fxgl/17.2/fxgl-17.2.jar!/fxglassets/ui/fonts/Courier-Prime.ttf
09:45:07.217 [JavaFX Application Thread] DEBUG FXGLApplication      - Registering font factories with UI factory
09:45:07.563 [FXGL Background Thread 2 ] INFO  UpdaterService       - Your current version:  17.2
09:45:07.563 [FXGL Background Thread 2 ] INFO  UpdaterService       - Latest stable version: 21
09:45:10.063 [FXGL Background Thread 3 ] DEBUG Engine               - Logging environment variables
09:45:10.063 [FXGL Background Thread 3 ] DEBUG Engine               - achievements: []
09:45:10.064 [FXGL Background Thread 3 ] DEBUG Engine               - actualHeight: 600.0
09:45:10.064 [FXGL Background Thread 3 ] DEBUG Engine               - actualHeightProperty: ReadOnlyDoubleProperty [value: 600.0]
09:45:10.064 [FXGL Background Thread 3 ] DEBUG Engine               - actualWidth: 800.0
09:45:10.064 [FXGL Background Thread 3 ] DEBUG Engine               - actualWidthProperty: ReadOnlyDoubleProperty [value: 800.0]
09:45:10.064 [FXGL Background Thread 3 ] DEBUG Engine               - appIcon: fxgl_icon.png
09:45:10.064 [FXGL Background Thread 3 ] DEBUG Engine               - applicationMode: DEVELOPER
09:45:10.064 [FXGL Background Thread 3 ] DEBUG Engine               - cSSList: [fxgl_dark.css]
09:45:10.064 [FXGL Background Thread 3 ] DEBUG Engine               - collisionDetectionStrategy: BRUTE_FORCE
09:45:10.064 [FXGL Background Thread 3 ] DEBUG Engine               - configClass: Optional.empty
09:45:10.064 [FXGL Background Thread 3 ] DEBUG Engine               - credits: []
09:45:10.065 [FXGL Background Thread 3 ] DEBUG Engine               - defaultCursor: CursorInfo(imageName=fxgl_default_cursor.png, hotspotX=7.0, hotspotY=6.0)
09:45:10.065 [FXGL Background Thread 3 ] DEBUG Engine               - devBBoxColorProperty: ObjectProperty [value: 0xff0000ff]
09:45:10.065 [FXGL Background Thread 3 ] DEBUG Engine               - devEnableDebugCameraProperty: BooleanProperty [value: false]
09:45:10.065 [FXGL Background Thread 3 ] DEBUG Engine               - devSensorColorProperty: ObjectProperty [value: 0xffff00ff]
09:45:10.065 [FXGL Background Thread 3 ] DEBUG Engine               - devShowBBoxProperty: BooleanProperty [value: false]
09:45:10.065 [FXGL Background Thread 3 ] DEBUG Engine               - devShowPositionProperty: BooleanProperty [value: false]
09:45:10.065 [FXGL Background Thread 3 ] DEBUG Engine               - enabledMenuItems: []
09:45:10.065 [FXGL Background Thread 3 ] DEBUG Engine               - engineServices: [class com.almasb.fxgl.app.services.FXGLAssetLoaderService, class com.almasb.fxgl.app.FXGLApplication$GameApplicationService, class com.almasb.fxgl.app.services.FXGLDialogService, class com.almasb.fxgl.app.services.IOTaskExecutorService, class com.almasb.fxgl.io.FileSystemService, class com.almasb.fxgl.localization.LocalizationService, class com.almasb.fxgl.app.services.SystemBundleService, class com.almasb.fxgl.profile.SaveLoadService, class com.almasb.fxgl.ui.FXGLUIFactoryServiceProvider, class com.almasb.fxgl.ui.FXGLDialogFactoryServiceProvider, class com.almasb.fxgl.audio.AudioPlayer, class com.almasb.fxgl.notification.impl.NotificationServiceProvider, class com.almasb.fxgl.achievement.AchievementService, class com.almasb.fxgl.cutscene.CutsceneService, class com.almasb.fxgl.minigames.MiniGameService, class com.almasb.fxgl.net.NetService, class com.almasb.fxgl.app.services.UpdaterService, class com.almasb.fxgl.dev.DevService]
09:45:10.066 [FXGL Background Thread 3 ] DEBUG Engine               - fontGame: Abel-Regular.ttf
09:45:10.066 [FXGL Background Thread 3 ] DEBUG Engine               - fontMono: TerminalLandMono-Regular.otf
09:45:10.066 [FXGL Background Thread 3 ] DEBUG Engine               - fontText: Courier-Prime.ttf
09:45:10.066 [FXGL Background Thread 3 ] DEBUG Engine               - fontUI: VarelaRound-Regular.ttf
09:45:10.066 [FXGL Background Thread 3 ] DEBUG Engine               - fullScreen: BooleanProperty [value: false]
09:45:10.066 [FXGL Background Thread 3 ] DEBUG Engine               - gameDifficulty: MEDIUM
09:45:10.066 [FXGL Background Thread 3 ] DEBUG Engine               - gameDifficultyProperty: ObjectProperty [value: MEDIUM]
09:45:10.066 [FXGL Background Thread 3 ] DEBUG Engine               - globalMusicVolume: 0.5
09:45:10.067 [FXGL Background Thread 3 ] DEBUG Engine               - globalMusicVolumeProperty: DoubleProperty [value: 0.5]
09:45:10.067 [FXGL Background Thread 3 ] DEBUG Engine               - globalSoundVolume: 0.5
09:45:10.067 [FXGL Background Thread 3 ] DEBUG Engine               - globalSoundVolumeProperty: DoubleProperty [value: 0.5]
09:45:10.067 [FXGL Background Thread 3 ] DEBUG Engine               - height: 600
09:45:10.067 [FXGL Background Thread 3 ] DEBUG Engine               - is3D: false
09:45:10.067 [FXGL Background Thread 3 ] DEBUG Engine               - isAndroid: false
09:45:10.067 [FXGL Background Thread 3 ] DEBUG Engine               - isBrowser: false
09:45:10.067 [FXGL Background Thread 3 ] DEBUG Engine               - isClickFeedbackEnabled: false
09:45:10.067 [FXGL Background Thread 3 ] DEBUG Engine               - isCloseConfirmation: false
09:45:10.067 [FXGL Background Thread 3 ] DEBUG Engine               - isDesktop: true
09:45:10.067 [FXGL Background Thread 3 ] DEBUG Engine               - isDeveloperMenuEnabled: false
09:45:10.068 [FXGL Background Thread 3 ] DEBUG Engine               - isEmbedded: false
09:45:10.068 [FXGL Background Thread 3 ] DEBUG Engine               - isEntityPreloadEnabled: true
09:45:10.068 [FXGL Background Thread 3 ] DEBUG Engine               - isExperimentalTiledLargeMap: false
09:45:10.068 [FXGL Background Thread 3 ] DEBUG Engine               - isFileSystemWriteAllowed: true
09:45:10.068 [FXGL Background Thread 3 ] DEBUG Engine               - isFullScreenAllowed: false
09:45:10.068 [FXGL Background Thread 3 ] DEBUG Engine               - isFullScreenFromStart: false
09:45:10.068 [FXGL Background Thread 3 ] DEBUG Engine               - isGameMenuEnabled: true
09:45:10.068 [FXGL Background Thread 3 ] DEBUG Engine               - isIOS: false
09:45:10.068 [FXGL Background Thread 3 ] DEBUG Engine               - isIntroEnabled: false
09:45:10.068 [FXGL Background Thread 3 ] DEBUG Engine               - isLinux: false
09:45:10.069 [FXGL Background Thread 3 ] DEBUG Engine               - isMac: false
09:45:10.069 [FXGL Background Thread 3 ] DEBUG Engine               - isMainMenuEnabled: false
09:45:10.069 [FXGL Background Thread 3 ] DEBUG Engine               - isManualResizeEnabled: false
09:45:10.069 [FXGL Background Thread 3 ] DEBUG Engine               - isMobile: false
09:45:10.069 [FXGL Background Thread 3 ] DEBUG Engine               - isNative: false
09:45:10.069 [FXGL Background Thread 3 ] DEBUG Engine               - isPauseMusicWhenMinimized: true
09:45:10.069 [FXGL Background Thread 3 ] DEBUG Engine               - isPreserveResizeRatio: false
09:45:10.069 [FXGL Background Thread 3 ] DEBUG Engine               - isProfilingEnabled: false
09:45:10.069 [FXGL Background Thread 3 ] DEBUG Engine               - isScaleAffectedOnResize: true
09:45:10.069 [FXGL Background Thread 3 ] DEBUG Engine               - isSingleStep: false
09:45:10.069 [FXGL Background Thread 3 ] DEBUG Engine               - isUserProfileEnabled: false
09:45:10.069 [FXGL Background Thread 3 ] DEBUG Engine               - isWindows: true
09:45:10.069 [FXGL Background Thread 3 ] DEBUG Engine               - language: ObjectProperty [value: ENGLISH]
09:45:10.070 [FXGL Background Thread 3 ] DEBUG Engine               - menuKey: ESCAPE
09:45:10.070 [FXGL Background Thread 3 ] DEBUG Engine               - mouseSensitivity: 0.2
09:45:10.070 [FXGL Background Thread 3 ] DEBUG Engine               - notificationViewClass: class com.almasb.fxgl.notification.view.XboxNotificationView
09:45:10.070 [FXGL Background Thread 3 ] DEBUG Engine               - pixelsPerMeter: 50.0
09:45:10.070 [FXGL Background Thread 3 ] DEBUG Engine               - platform: WINDOWS
09:45:10.070 [FXGL Background Thread 3 ] DEBUG Engine               - prefHeightProperty: ReadOnlyDoubleProperty [value: 600.0]
09:45:10.070 [FXGL Background Thread 3 ] DEBUG Engine               - prefWidthProperty: ReadOnlyDoubleProperty [value: 800.0]
09:45:10.070 [FXGL Background Thread 3 ] DEBUG Engine               - profileDir: profiles/
09:45:10.070 [FXGL Background Thread 3 ] DEBUG Engine               - profileName: StringProperty [value: DEFAULT]
09:45:10.070 [FXGL Background Thread 3 ] DEBUG Engine               - randomSeed: -1
09:45:10.070 [FXGL Background Thread 3 ] DEBUG Engine               - runtimeInfo: RuntimeInfo(platform=WINDOWS, version=17.2, build=20.08.2022 16.50)
09:45:10.070 [FXGL Background Thread 3 ] DEBUG Engine               - saveFileExt: sav
09:45:10.071 [FXGL Background Thread 3 ] DEBUG Engine               - scaledHeightProp$fxgl: DoubleProperty [bound, value: 600.0]
09:45:10.071 [FXGL Background Thread 3 ] DEBUG Engine               - scaledWidthProp$fxgl: DoubleProperty [bound, value: 800.0]
09:45:10.071 [FXGL Background Thread 3 ] DEBUG Engine               - sceneFactory: com.almasb.fxgl.app.scene.SceneFactory@3b6115c8
09:45:10.071 [FXGL Background Thread 3 ] DEBUG Engine               - secondsIn24h: 60
09:45:10.071 [FXGL Background Thread 3 ] DEBUG Engine               - soundMenuBack: menu/back.wav
09:45:10.071 [FXGL Background Thread 3 ] DEBUG Engine               - soundMenuPress: menu/press.wav
09:45:10.071 [FXGL Background Thread 3 ] DEBUG Engine               - soundMenuSelect: menu/select.wav
09:45:10.071 [FXGL Background Thread 3 ] DEBUG Engine               - soundNotification: core/notification.wav
09:45:10.071 [FXGL Background Thread 3 ] DEBUG Engine               - stageStyle: DECORATED
09:45:10.071 [FXGL Background Thread 3 ] DEBUG Engine               - supportedLanguages: [ENGLISH, FRENCH, GERMAN, HUNGARIAN, RUSSIAN]
09:45:10.071 [FXGL Background Thread 3 ] DEBUG Engine               - ticksPerSecond: -1
09:45:10.071 [FXGL Background Thread 3 ] DEBUG Engine               - title: Gemasoft 3D Engine
09:45:10.072 [FXGL Background Thread 3 ] DEBUG Engine               - urlGithub: https://github.com/AlmasB/FXGL
09:45:10.072 [FXGL Background Thread 3 ] DEBUG Engine               - urlLeaderboard: http://fxgl-top.herokuapp.com/
09:45:10.072 [FXGL Background Thread 3 ] DEBUG Engine               - urlPOM: https://raw.githubusercontent.com/AlmasB/FXGL/release/README.md
09:45:10.072 [FXGL Background Thread 3 ] DEBUG Engine               - userAppClass: class com.gemasoft.gema_engine.HelloApplication
09:45:10.072 [FXGL Background Thread 3 ] DEBUG Engine               - version: 0.0
09:45:10.072 [FXGL Background Thread 3 ] DEBUG Engine               - versionCheckDays: 7
09:45:10.072 [FXGL Background Thread 3 ] DEBUG Engine               - width: 800
09:45:10.072 [FXGL Background Thread 3 ] DEBUG Engine               - Logging services
09:45:10.072 [FXGL Background Thread 3 ] DEBUG Engine               - class com.almasb.fxgl.app.services.FXGLAssetLoaderService
09:45:10.072 [FXGL Background Thread 3 ] DEBUG Engine               - class com.almasb.fxgl.app.FXGLApplication$GameApplicationService
09:45:10.072 [FXGL Background Thread 3 ] DEBUG Engine               - class com.almasb.fxgl.app.services.FXGLDialogService
09:45:10.072 [FXGL Background Thread 3 ] DEBUG Engine               - class com.almasb.fxgl.app.services.IOTaskExecutorService
09:45:10.072 [FXGL Background Thread 3 ] DEBUG Engine               - class com.almasb.fxgl.io.FileSystemService
09:45:10.072 [FXGL Background Thread 3 ] DEBUG Engine               - class com.almasb.fxgl.localization.LocalizationService
09:45:10.072 [FXGL Background Thread 3 ] DEBUG Engine               - class com.almasb.fxgl.app.services.SystemBundleService
09:45:10.072 [FXGL Background Thread 3 ] DEBUG Engine               - class com.almasb.fxgl.profile.SaveLoadService
09:45:10.073 [FXGL Background Thread 3 ] DEBUG Engine               - class com.almasb.fxgl.ui.FXGLUIFactoryServiceProvider
09:45:10.073 [FXGL Background Thread 3 ] DEBUG Engine               - class com.almasb.fxgl.ui.FXGLDialogFactoryServiceProvider
09:45:10.073 [FXGL Background Thread 3 ] DEBUG Engine               - class com.almasb.fxgl.audio.AudioPlayer
09:45:10.073 [FXGL Background Thread 3 ] DEBUG Engine               - class com.almasb.fxgl.notification.impl.NotificationServiceProvider
09:45:10.073 [FXGL Background Thread 3 ] DEBUG Engine               - class com.almasb.fxgl.achievement.AchievementService
09:45:10.073 [FXGL Background Thread 3 ] DEBUG Engine               - class com.almasb.fxgl.cutscene.CutsceneService
09:45:10.073 [FXGL Background Thread 3 ] DEBUG Engine               - class com.almasb.fxgl.minigames.MiniGameService
09:45:10.073 [FXGL Background Thread 3 ] DEBUG Engine               - class com.almasb.fxgl.net.NetService
09:45:10.073 [FXGL Background Thread 3 ] DEBUG Engine               - class com.almasb.fxgl.app.services.UpdaterService
09:45:10.073 [FXGL Background Thread 3 ] DEBUG Engine               - class com.almasb.fxgl.dev.DevService
09:45:29.673 [JavaFX Application Thread] DEBUG FXGLApplication      - Exiting FXGL
09:45:29.673 [JavaFX Application Thread] DEBUG LoopRunner           - Stopping loop
09:45:29.673 [JavaFX Application Thread] DEBUG SystemBundleService  - Saving FXGL system data
09:45:29.675 [JavaFX Application Thread] DEBUG FileSystemAccess     - Writing to: C:\Users\m1gmartin\IdeaProjects\GemaEngine\system\fxgl.bundle
09:45:29.677 [JavaFX Application Thread] DEBUG Async                - Shutting down background threads
09:45:29.677 [JavaFX Application Thread] DEBUG PrimaryStageWindow   - Closing main window
09:45:29.685 [JavaFX Application Thread] DEBUG Logger               - Closing Logger
