10:32:34.450 [main                     ] DEBUG Logger               - Configured Logger
10:32:34.467 [main                     ] DEBUG GameApplication      - Logging settings
Title: Gemasoft 3D Engine
Version: 0.0
Width: 800
Height: 600
Fullscreen: false
Intro: false
Profiling: false
Single step:false
App Mode: DEVELOPER
Menu Key: ESCAPE
Stage Style: DECORATED
Scene Factory: class com.almasb.fxgl.app.scene.SceneFactory

10:32:34.560 [JavaFX Application Thread] DEBUG FXGLApplication      - Initializing FXGL
10:32:34.567 [JavaFX Application Thread] INFO  Engine               - FXGL-17.2 (20.08.2022 16.50) on WINDOWS (J:17 FX:17.0.6)
10:32:34.567 [JavaFX Application Thread] DEBUG Engine               - JRE Vendor Name: Oracle Corporation
10:32:34.568 [JavaFX Application Thread] DEBUG Engine               - Running on OS: Windows 10 version 10.0
10:32:34.568 [JavaFX Application Thread] DEBUG Engine               - Architecture: amd64
10:32:34.568 [JavaFX Application Thread] INFO  Engine               - Source code and latest versions at: https://github.com/AlmasB/FXGL
10:32:34.568 [JavaFX Application Thread] INFO  Engine               -       Ask questions and discuss at: https://github.com/AlmasB/FXGL/discussions
10:32:34.568 [JavaFX Application Thread] INFO  Engine               -              Join the FXGL chat at: https://gitter.im/AlmasB/FXGL
10:32:34.629 [JavaFX Application Thread] DEBUG PrimaryStageWindow   - Creating a JavaFX scene
10:32:34.665 [JavaFX Application Thread] DEBUG PrimaryStageWindow   - Target settings size: 800.0 x 600.0
10:32:34.665 [JavaFX Application Thread] DEBUG PrimaryStageWindow   - Scaled scene size:    800.0 x 600.0
10:32:34.665 [JavaFX Application Thread] DEBUG PrimaryStageWindow   - Scaled ratio: (1.0, 1.0)
10:32:34.666 [JavaFX Application Thread] DEBUG PrimaryStageWindow   - Set initial scene to FXGLStartupScene
10:32:34.671 [JavaFX Application Thread] DEBUG PrimaryStageWindow   - Opening main window
10:32:34.763 [JavaFX Application Thread] DEBUG PrimaryStageWindow   - Window border size: (16.0, 39.0)
10:32:34.763 [JavaFX Application Thread] DEBUG PrimaryStageWindow   - Scaled size: 800.0 x 600.0
10:32:34.764 [JavaFX Application Thread] DEBUG PrimaryStageWindow   - Scaled ratio: (1.0, 1.0)
10:32:34.764 [JavaFX Application Thread] DEBUG PrimaryStageWindow   - Scene size: 800.0 x 600.0
10:32:34.764 [JavaFX Application Thread] DEBUG PrimaryStageWindow   - Stage size: 816.0 x 639.0
10:32:34.771 [FXGL Background Thread 1 ] DEBUG Engine               - Initializing environment variables
10:32:34.807 [FXGL Background Thread 1 ] DEBUG FXGLAssetLoaderServi - User app class for loading assets: class com.gemasoft.gema_engine.HelloApplication
10:32:34.808 [FXGL Background Thread 1 ] DEBUG GameApplicationServi - Applying CSS: fxgl_dark.css
10:32:34.809 [FXGL Background Thread 1 ] DEBUG FXGLAssetLoaderServi - Loading from file system: jar:file:///C:/Users/m1gmartin/.m2/repository/com/github/almasb/fxgl/17.2/fxgl-17.2.jar!/fxglassets/ui/css/fxgl_dark.css
10:32:34.876 [FXGL Background Thread 1 ] DEBUG GameApplicationServi - Initializing application scenes
10:32:34.925 [FXGL Background Thread 1 ] DEBUG GameWorld            - Game world initialized
10:32:35.007 [FXGL Background Thread 1 ] DEBUG PhysicsWorld         - Physics world initialized: appHeight=600, physics.ppm=50.0
10:32:35.008 [FXGL Background Thread 1 ] DEBUG PhysicsWorld         - Using strategy: BRUTE_FORCE
10:32:35.017 [FXGL Background Thread 1 ] DEBUG GameScene            - Game scene initialized: 800x600
10:32:35.040 [FXGL Background Thread 1 ] DEBUG FXGL.DefaultMenu     - createMenuBodyGameMenu()
10:32:35.062 [FXGL Background Thread 1 ] DEBUG FXGL.DefaultMenu     - createOptionsMenu()
10:32:35.074 [FXGL Background Thread 1 ] DEBUG FXGLAssetLoaderServi - Loading from file system: jar:file:///C:/Users/m1gmartin/.m2/repository/com/github/almasb/fxgl/17.2/fxgl-17.2.jar!/fxglassets/textures/particles/smoke.png
10:32:35.138 [FXGL Background Thread 1 ] DEBUG FXGLAssetLoaderServi - Loading from file system: jar:file:///C:/Users/m1gmartin/.m2/repository/com/github/almasb/fxgl/17.2/fxgl-17.2.jar!/fxglassets/textures/particles/trace_horizontal.png
10:32:35.159 [FXGL Background Thread 1 ] DEBUG GameApplicationServi - Application scenes initialized
10:32:35.166 [FXGL Background Thread 1 ] DEBUG SystemBundleService  - Loading FXGL system data
10:32:35.169 [FXGL Background Thread 1 ] DEBUG FileSystemAccess     - Reading from: C:\Users\m1gmartin\IdeaProjects\GemaEngine\system\fxgl.bundle
10:32:35.173 [FXGL Background Thread 1 ] DEBUG SystemBundleService  - Bundle FXGL: {}
10:32:35.174 [FXGL Background Thread 1 ] DEBUG UpdaterService       - Checking for updates
10:32:35.177 [FXGL Background Thread 4 ] DEBUG FXGLApplication      - Loading fonts
10:32:35.178 [FXGL Background Thread 1 ] DEBUG FXGLApplication      - Loading default localization
10:32:35.178 [FXGL Background Thread 4 ] DEBUG FXGLAssetLoaderServi - Loading from file system: jar:file:///C:/Users/m1gmartin/.m2/repository/com/github/almasb/fxgl/17.2/fxgl-17.2.jar!/fxglassets/ui/fonts/VarelaRound-Regular.ttf
10:32:35.178 [FXGL Background Thread 1 ] DEBUG FXGLAssetLoaderServi - Loading from file system: jar:file:///C:/Users/m1gmartin/.m2/repository/com/github/almasb/fxgl/17.2/fxgl-17.2.jar!/fxglassets/languages/english.lang
10:32:35.192 [FXGL Background Thread 1 ] INFO  FXGLApplication      - FXGL initialization took: 0.421 sec
10:32:35.202 [JavaFX Application Thread] DEBUG Input                - Registered new binding: Move Left - A
10:32:35.202 [JavaFX Application Thread] DEBUG Input                - Registered new binding: Move Right - D
10:32:35.202 [JavaFX Application Thread] DEBUG Input                - Registered new binding: Move Up - W
10:32:35.202 [JavaFX Application Thread] DEBUG Input                - Registered new binding: Move Down - S
10:32:35.203 [JavaFX Application Thread] DEBUG FXGLAssetLoaderServi - Loading from file system: jar:file:///C:/Users/m1gmartin/.m2/repository/com/github/almasb/fxgl/17.2/fxgl-17.2.jar!/fxglassets/textures/fxgl_icon.png
10:32:35.225 [JavaFX Application Thread] DEBUG FXGLAssetLoaderServi - Loading from file system: jar:file:///C:/Users/m1gmartin/.m2/repository/com/github/almasb/fxgl/17.2/fxgl-17.2.jar!/fxglassets/textures/fxgl_default_cursor.png
10:32:35.227 [JavaFX Application Thread] DEBUG Input                - Registered new binding: Screenshot - CTRL+8
10:32:35.227 [JavaFX Application Thread] DEBUG Input                - Registered new binding: System info dump - CTRL+9
10:32:35.228 [JavaFX Application Thread] DEBUG Input                - Registered new binding: Restart - CTRL+R
10:32:35.228 [JavaFX Application Thread] DEBUG Input                - Registered new binding: Toggle Debug Camera - CTRL+7
10:32:35.230 [JavaFX Application Thread] DEBUG LoopRunner           - Starting loop
10:32:35.230 [JavaFX Application Thread] DEBUG LoopRunner           - Initializing JavaFX AnimationTimerLoop
10:32:35.231 [JavaFX Application Thread] DEBUG GameApplicationServi - Starting new game
10:32:35.231 [JavaFX Application Thread] DEBUG Input                - Clearing active input actions
10:32:35.239 [JavaFX Application Thread] DEBUG GameApplicationServi - Removing overlay from FXGLStartupScene and adding to FXGLLoadingScene
10:32:35.239 [JavaFX Application Thread] DEBUG PrimaryStageWindow   - FXGLStartupScene -> FXGLLoadingScene
10:32:35.239 [JavaFX Application Thread] DEBUG GameApplicationServi - Clearing previous game
10:32:35.239 [JavaFX Application Thread] DEBUG GameScene            - Clearing game scene
10:32:35.240 [JavaFX Application Thread] DEBUG GameWorld            - Clearing game world
10:32:35.240 [JavaFX Application Thread] DEBUG PhysicsWorld         - Clearing physics world
10:32:35.242 [FXGL Background Thread 1 ] DEBUG FXGLApplication      - Initializing game
10:32:35.245 [FXGL Background Thread 1 ] INFO  FXGLApplication      - Game initialization took: 0.003 sec
10:32:35.275 [JavaFX Application Thread] DEBUG Input                - Clearing active input actions
10:32:35.284 [JavaFX Application Thread] DEBUG GameApplicationServi - Removing overlay from FXGLLoadingScene and adding to GameScene
10:32:35.284 [JavaFX Application Thread] DEBUG PrimaryStageWindow   - FXGLLoadingScene -> GameScene
10:32:35.314 [FXGL Background Thread 4 ] DEBUG FXGLAssetLoaderServi - Loading from file system: jar:file:///C:/Users/m1gmartin/.m2/repository/com/github/almasb/fxgl/17.2/fxgl-17.2.jar!/fxglassets/ui/fonts/Abel-Regular.ttf
10:32:35.320 [FXGL Background Thread 4 ] DEBUG FXGLAssetLoaderServi - Loading from file system: jar:file:///C:/Users/m1gmartin/.m2/repository/com/github/almasb/fxgl/17.2/fxgl-17.2.jar!/fxglassets/ui/fonts/TerminalLandMono-Regular.otf
10:32:35.327 [FXGL Background Thread 4 ] DEBUG FXGLAssetLoaderServi - Loading from file system: jar:file:///C:/Users/m1gmartin/.m2/repository/com/github/almasb/fxgl/17.2/fxgl-17.2.jar!/fxglassets/ui/fonts/Courier-Prime.ttf
10:32:35.341 [JavaFX Application Thread] DEBUG FXGLApplication      - Registering font factories with UI factory
10:32:35.731 [FXGL Background Thread 2 ] INFO  UpdaterService       - Your current version:  17.2
10:32:35.732 [FXGL Background Thread 2 ] INFO  UpdaterService       - Latest stable version: 21
10:32:36.425 [JavaFX Application Thread] DEBUG LoopRunner           - Stopping loop
10:32:36.426 [JavaFX Application Thread] FATAL FXGLApplication      - Uncaught Exception:
java.lang.NullPointerException: Cannot invoke "javafx.scene.text.Text.setTranslateX(double)" because "this.roundText" is null
	at com.gemasoft.gema_engine/com.gemasoft.gema_engine.HelloApplication.startRoundTimer(HelloApplication.java:131)
	at com.gemasoft.gema_engine/com.gemasoft.gema_engine.HelloApplication.checkCollisions(HelloApplication.java:91)
	at com.gemasoft.gema_engine/com.gemasoft.gema_engine.HelloApplication.onUpdate(HelloApplication.java:75)
	at com.almasb.fxgl.all@17.2/com.almasb.fxgl.app.FXGLApplication$GameApplicationService.onGameUpdate(FXGLApplication.kt:421)
	at com.almasb.fxgl.all@17.2/com.almasb.fxgl.app.Engine.onGameUpdate(Engine.kt:138)
	at com.almasb.fxgl.all@17.2/com.almasb.fxgl.app.FXGLApplication.postServicesInit$lambda-7(FXGLApplication.kt:182)
	at com.almasb.fxgl.scene@17.2/com.almasb.fxgl.scene.Scene.update(Scene.kt:113)
	at com.almasb.fxgl.all@17.2/com.almasb.fxgl.app.MainWindow$update$1.invoke(MainWindow.kt:115)
	at com.almasb.fxgl.all@17.2/com.almasb.fxgl.app.MainWindow$update$1.invoke(MainWindow.kt:115)
	at com.almasb.fxgl.core@17.2/com.almasb.fxgl.core.fsm.StateMachine.runOnActiveStates(StateMachine.kt:69)
	at com.almasb.fxgl.all@17.2/com.almasb.fxgl.app.MainWindow.update(MainWindow.kt:115)
	at com.almasb.fxgl.all@17.2/com.almasb.fxgl.app.FXGLApplication$GameApplicationService.onUpdate(FXGLApplication.kt:426)
	at com.almasb.fxgl.all@17.2/com.almasb.fxgl.app.Engine.loop(Engine.kt:134)
	at com.almasb.fxgl.all@17.2/com.almasb.fxgl.app.Engine.access$loop(Engine.kt:24)
	at com.almasb.fxgl.all@17.2/com.almasb.fxgl.app.Engine$loop$1.invoke(Engine.kt:28)
	at com.almasb.fxgl.all@17.2/com.almasb.fxgl.app.Engine$loop$1.invoke(Engine.kt:28)
	at com.almasb.fxgl.all@17.2/com.almasb.fxgl.app.LoopRunner.frame(LoopRunner.kt:103)
	at com.almasb.fxgl.all@17.2/com.almasb.fxgl.app.LoopRunner.access$frame(LoopRunner.kt:23)
	at com.almasb.fxgl.all@17.2/com.almasb.fxgl.app.LoopRunner$impl$2$1.onTick(LoopRunner.kt:57)
	at com.almasb.fxgl.all@17.2/com.almasb.fxgl.app.AnimationTimerLoop$timer$1.handle(LoopRunner.kt:137)
	at javafx.graphics/javafx.animation.AnimationTimer$AnimationTimerReceiver.lambda$handle$0(AnimationTimer.java:58)
	at java.base/java.security.AccessController.doPrivileged(AccessController.java:399)
	at javafx.graphics/javafx.animation.AnimationTimer$AnimationTimerReceiver.handle(AnimationTimer.java:57)
	at javafx.graphics/com.sun.scenario.animation.AbstractPrimaryTimer.timePulseImpl(AbstractPrimaryTimer.java:356)
	at javafx.graphics/com.sun.scenario.animation.AbstractPrimaryTimer$MainLoop.run(AbstractPrimaryTimer.java:266)
	at javafx.graphics/com.sun.javafx.tk.quantum.QuantumToolkit.pulse(QuantumToolkit.java:571)
	at javafx.graphics/com.sun.javafx.tk.quantum.QuantumToolkit.pulse(QuantumToolkit.java:555)
	at javafx.graphics/com.sun.javafx.tk.quantum.QuantumToolkit.pulseFromQueue(QuantumToolkit.java:548)
	at javafx.graphics/com.sun.javafx.tk.quantum.QuantumToolkit.lambda$runToolkit$11(QuantumToolkit.java:353)
	at javafx.graphics/com.sun.glass.ui.InvokeLaterDispatcher$Future.run(InvokeLaterDispatcher.java:96)
	at javafx.graphics/com.sun.glass.ui.win.WinApplication._runLoop(Native Method)
	at javafx.graphics/com.sun.glass.ui.win.WinApplication.lambda$runLoop$3(WinApplication.java:184)
	at java.base/java.lang.Thread.run(Thread.java:833)

10:32:36.427 [JavaFX Application Thread] FATAL FXGLApplication      - Application will now exit
10:32:36.438 [JavaFX Application Thread] DEBUG PrimaryStageWindow   - Push state: ErrorSubScene
10:32:36.438 [JavaFX Application Thread] DEBUG Input                - Clearing active input actions
10:32:36.442 [JavaFX Application Thread] DEBUG GameApplicationServi - Removing overlay from GameScene and adding to ErrorSubScene
10:32:36.442 [JavaFX Application Thread] DEBUG PrimaryStageWindow   - GameScene -> ErrorSubScene
10:32:38.177 [FXGL Background Thread 3 ] DEBUG Engine               - Logging environment variables
10:32:38.177 [FXGL Background Thread 3 ] DEBUG Engine               - achievements: []
10:32:38.177 [FXGL Background Thread 3 ] DEBUG Engine               - actualHeight: 600.0
10:32:38.177 [FXGL Background Thread 3 ] DEBUG Engine               - actualHeightProperty: ReadOnlyDoubleProperty [value: 600.0]
10:32:38.178 [FXGL Background Thread 3 ] DEBUG Engine               - actualWidth: 800.0
10:32:38.178 [FXGL Background Thread 3 ] DEBUG Engine               - actualWidthProperty: ReadOnlyDoubleProperty [value: 800.0]
10:32:38.178 [FXGL Background Thread 3 ] DEBUG Engine               - appIcon: fxgl_icon.png
10:32:38.178 [FXGL Background Thread 3 ] DEBUG Engine               - applicationMode: DEVELOPER
10:32:38.178 [FXGL Background Thread 3 ] DEBUG Engine               - cSSList: [fxgl_dark.css]
10:32:38.178 [FXGL Background Thread 3 ] DEBUG Engine               - collisionDetectionStrategy: BRUTE_FORCE
10:32:38.178 [FXGL Background Thread 3 ] DEBUG Engine               - configClass: Optional.empty
10:32:38.178 [FXGL Background Thread 3 ] DEBUG Engine               - credits: []
10:32:38.179 [FXGL Background Thread 3 ] DEBUG Engine               - defaultCursor: CursorInfo(imageName=fxgl_default_cursor.png, hotspotX=7.0, hotspotY=6.0)
10:32:38.179 [FXGL Background Thread 3 ] DEBUG Engine               - devBBoxColorProperty: ObjectProperty [value: 0xff0000ff]
10:32:38.179 [FXGL Background Thread 3 ] DEBUG Engine               - devEnableDebugCameraProperty: BooleanProperty [value: false]
10:32:38.179 [FXGL Background Thread 3 ] DEBUG Engine               - devSensorColorProperty: ObjectProperty [value: 0xffff00ff]
10:32:38.179 [FXGL Background Thread 3 ] DEBUG Engine               - devShowBBoxProperty: BooleanProperty [value: false]
10:32:38.180 [FXGL Background Thread 3 ] DEBUG Engine               - devShowPositionProperty: BooleanProperty [value: false]
10:32:38.180 [FXGL Background Thread 3 ] DEBUG Engine               - enabledMenuItems: []
10:32:38.180 [FXGL Background Thread 3 ] DEBUG Engine               - engineServices: [class com.almasb.fxgl.app.services.FXGLAssetLoaderService, class com.almasb.fxgl.app.FXGLApplication$GameApplicationService, class com.almasb.fxgl.app.services.FXGLDialogService, class com.almasb.fxgl.app.services.IOTaskExecutorService, class com.almasb.fxgl.io.FileSystemService, class com.almasb.fxgl.localization.LocalizationService, class com.almasb.fxgl.app.services.SystemBundleService, class com.almasb.fxgl.profile.SaveLoadService, class com.almasb.fxgl.ui.FXGLUIFactoryServiceProvider, class com.almasb.fxgl.ui.FXGLDialogFactoryServiceProvider, class com.almasb.fxgl.audio.AudioPlayer, class com.almasb.fxgl.notification.impl.NotificationServiceProvider, class com.almasb.fxgl.achievement.AchievementService, class com.almasb.fxgl.cutscene.CutsceneService, class com.almasb.fxgl.minigames.MiniGameService, class com.almasb.fxgl.net.NetService, class com.almasb.fxgl.app.services.UpdaterService, class com.almasb.fxgl.dev.DevService]
10:32:38.180 [FXGL Background Thread 3 ] DEBUG Engine               - fontGame: Abel-Regular.ttf
10:32:38.180 [FXGL Background Thread 3 ] DEBUG Engine               - fontMono: TerminalLandMono-Regular.otf
10:32:38.180 [FXGL Background Thread 3 ] DEBUG Engine               - fontText: Courier-Prime.ttf
10:32:38.180 [FXGL Background Thread 3 ] DEBUG Engine               - fontUI: VarelaRound-Regular.ttf
10:32:38.180 [FXGL Background Thread 3 ] DEBUG Engine               - fullScreen: BooleanProperty [value: false]
10:32:38.180 [FXGL Background Thread 3 ] DEBUG Engine               - gameDifficulty: MEDIUM
10:32:38.180 [FXGL Background Thread 3 ] DEBUG Engine               - gameDifficultyProperty: ObjectProperty [value: MEDIUM]
10:32:38.180 [FXGL Background Thread 3 ] DEBUG Engine               - globalMusicVolume: 0.5
10:32:38.180 [FXGL Background Thread 3 ] DEBUG Engine               - globalMusicVolumeProperty: DoubleProperty [value: 0.5]
10:32:38.181 [FXGL Background Thread 3 ] DEBUG Engine               - globalSoundVolume: 0.5
10:32:38.181 [FXGL Background Thread 3 ] DEBUG Engine               - globalSoundVolumeProperty: DoubleProperty [value: 0.5]
10:32:38.181 [FXGL Background Thread 3 ] DEBUG Engine               - height: 600
10:32:38.181 [FXGL Background Thread 3 ] DEBUG Engine               - is3D: false
10:32:38.181 [FXGL Background Thread 3 ] DEBUG Engine               - isAndroid: false
10:32:38.181 [FXGL Background Thread 3 ] DEBUG Engine               - isBrowser: false
10:32:38.181 [FXGL Background Thread 3 ] DEBUG Engine               - isClickFeedbackEnabled: false
10:32:38.181 [FXGL Background Thread 3 ] DEBUG Engine               - isCloseConfirmation: false
10:32:38.181 [FXGL Background Thread 3 ] DEBUG Engine               - isDesktop: true
10:32:38.181 [FXGL Background Thread 3 ] DEBUG Engine               - isDeveloperMenuEnabled: false
10:32:38.181 [FXGL Background Thread 3 ] DEBUG Engine               - isEmbedded: false
10:32:38.181 [FXGL Background Thread 3 ] DEBUG Engine               - isEntityPreloadEnabled: true
10:32:38.181 [FXGL Background Thread 3 ] DEBUG Engine               - isExperimentalTiledLargeMap: false
10:32:38.181 [FXGL Background Thread 3 ] DEBUG Engine               - isFileSystemWriteAllowed: true
10:32:38.182 [FXGL Background Thread 3 ] DEBUG Engine               - isFullScreenAllowed: false
10:32:38.182 [FXGL Background Thread 3 ] DEBUG Engine               - isFullScreenFromStart: false
10:32:38.182 [FXGL Background Thread 3 ] DEBUG Engine               - isGameMenuEnabled: true
10:32:38.182 [FXGL Background Thread 3 ] DEBUG Engine               - isIOS: false
10:32:38.182 [FXGL Background Thread 3 ] DEBUG Engine               - isIntroEnabled: false
10:32:38.182 [FXGL Background Thread 3 ] DEBUG Engine               - isLinux: false
10:32:38.182 [FXGL Background Thread 3 ] DEBUG Engine               - isMac: false
10:32:38.182 [FXGL Background Thread 3 ] DEBUG Engine               - isMainMenuEnabled: false
10:32:38.182 [FXGL Background Thread 3 ] DEBUG Engine               - isManualResizeEnabled: false
10:32:38.182 [FXGL Background Thread 3 ] DEBUG Engine               - isMobile: false
10:32:38.182 [FXGL Background Thread 3 ] DEBUG Engine               - isNative: false
10:32:38.182 [FXGL Background Thread 3 ] DEBUG Engine               - isPauseMusicWhenMinimized: true
10:32:38.182 [FXGL Background Thread 3 ] DEBUG Engine               - isPreserveResizeRatio: false
10:32:38.182 [FXGL Background Thread 3 ] DEBUG Engine               - isProfilingEnabled: false
10:32:38.183 [FXGL Background Thread 3 ] DEBUG Engine               - isScaleAffectedOnResize: true
10:32:38.183 [FXGL Background Thread 3 ] DEBUG Engine               - isSingleStep: false
10:32:38.183 [FXGL Background Thread 3 ] DEBUG Engine               - isUserProfileEnabled: false
10:32:38.183 [FXGL Background Thread 3 ] DEBUG Engine               - isWindows: true
10:32:38.183 [FXGL Background Thread 3 ] DEBUG Engine               - language: ObjectProperty [value: ENGLISH]
10:32:38.183 [FXGL Background Thread 3 ] DEBUG Engine               - menuKey: ESCAPE
10:32:38.183 [FXGL Background Thread 3 ] DEBUG Engine               - mouseSensitivity: 0.2
10:32:38.183 [FXGL Background Thread 3 ] DEBUG Engine               - notificationViewClass: class com.almasb.fxgl.notification.view.XboxNotificationView
10:32:38.183 [FXGL Background Thread 3 ] DEBUG Engine               - pixelsPerMeter: 50.0
10:32:38.183 [FXGL Background Thread 3 ] DEBUG Engine               - platform: WINDOWS
10:32:38.183 [FXGL Background Thread 3 ] DEBUG Engine               - prefHeightProperty: ReadOnlyDoubleProperty [value: 600.0]
10:32:38.183 [FXGL Background Thread 3 ] DEBUG Engine               - prefWidthProperty: ReadOnlyDoubleProperty [value: 800.0]
10:32:38.183 [FXGL Background Thread 3 ] DEBUG Engine               - profileDir: profiles/
10:32:38.183 [FXGL Background Thread 3 ] DEBUG Engine               - profileName: StringProperty [value: DEFAULT]
10:32:38.184 [FXGL Background Thread 3 ] DEBUG Engine               - randomSeed: -1
10:32:38.184 [FXGL Background Thread 3 ] DEBUG Engine               - runtimeInfo: RuntimeInfo(platform=WINDOWS, version=17.2, build=20.08.2022 16.50)
10:32:38.184 [FXGL Background Thread 3 ] DEBUG Engine               - saveFileExt: sav
10:32:38.184 [FXGL Background Thread 3 ] DEBUG Engine               - scaledHeightProp$fxgl: DoubleProperty [bound, value: 600.0]
10:32:38.184 [FXGL Background Thread 3 ] DEBUG Engine               - scaledWidthProp$fxgl: DoubleProperty [bound, value: 800.0]
10:32:38.184 [FXGL Background Thread 3 ] DEBUG Engine               - sceneFactory: com.almasb.fxgl.app.scene.SceneFactory@1a0f3381
10:32:38.184 [FXGL Background Thread 3 ] DEBUG Engine               - secondsIn24h: 60
10:32:38.184 [FXGL Background Thread 3 ] DEBUG Engine               - soundMenuBack: menu/back.wav
10:32:38.184 [FXGL Background Thread 3 ] DEBUG Engine               - soundMenuPress: menu/press.wav
10:32:38.184 [FXGL Background Thread 3 ] DEBUG Engine               - soundMenuSelect: menu/select.wav
10:32:38.184 [FXGL Background Thread 3 ] DEBUG Engine               - soundNotification: core/notification.wav
10:32:38.184 [FXGL Background Thread 3 ] DEBUG Engine               - stageStyle: DECORATED
10:32:38.185 [FXGL Background Thread 3 ] DEBUG Engine               - supportedLanguages: [ENGLISH, FRENCH, GERMAN, HUNGARIAN, RUSSIAN]
10:32:38.185 [FXGL Background Thread 3 ] DEBUG Engine               - ticksPerSecond: -1
10:32:38.185 [FXGL Background Thread 3 ] DEBUG Engine               - title: Gemasoft 3D Engine
10:32:38.185 [FXGL Background Thread 3 ] DEBUG Engine               - urlGithub: https://github.com/AlmasB/FXGL
10:32:38.185 [FXGL Background Thread 3 ] DEBUG Engine               - urlLeaderboard: http://fxgl-top.herokuapp.com/
10:32:38.185 [FXGL Background Thread 3 ] DEBUG Engine               - urlPOM: https://raw.githubusercontent.com/AlmasB/FXGL/release/README.md
10:32:38.185 [FXGL Background Thread 3 ] DEBUG Engine               - userAppClass: class com.gemasoft.gema_engine.HelloApplication
10:32:38.185 [FXGL Background Thread 3 ] DEBUG Engine               - version: 0.0
10:32:38.185 [FXGL Background Thread 3 ] DEBUG Engine               - versionCheckDays: 7
10:32:38.185 [FXGL Background Thread 3 ] DEBUG Engine               - width: 800
10:32:38.185 [FXGL Background Thread 3 ] DEBUG Engine               - Logging services
10:32:38.185 [FXGL Background Thread 3 ] DEBUG Engine               - class com.almasb.fxgl.app.services.FXGLAssetLoaderService
10:32:38.185 [FXGL Background Thread 3 ] DEBUG Engine               - class com.almasb.fxgl.app.FXGLApplication$GameApplicationService
10:32:38.185 [FXGL Background Thread 3 ] DEBUG Engine               - class com.almasb.fxgl.app.services.FXGLDialogService
10:32:38.185 [FXGL Background Thread 3 ] DEBUG Engine               - class com.almasb.fxgl.app.services.IOTaskExecutorService
10:32:38.185 [FXGL Background Thread 3 ] DEBUG Engine               - class com.almasb.fxgl.io.FileSystemService
10:32:38.186 [FXGL Background Thread 3 ] DEBUG Engine               - class com.almasb.fxgl.localization.LocalizationService
10:32:38.186 [FXGL Background Thread 3 ] DEBUG Engine               - class com.almasb.fxgl.app.services.SystemBundleService
10:32:38.186 [FXGL Background Thread 3 ] DEBUG Engine               - class com.almasb.fxgl.profile.SaveLoadService
10:32:38.186 [FXGL Background Thread 3 ] DEBUG Engine               - class com.almasb.fxgl.ui.FXGLUIFactoryServiceProvider
10:32:38.186 [FXGL Background Thread 3 ] DEBUG Engine               - class com.almasb.fxgl.ui.FXGLDialogFactoryServiceProvider
10:32:38.186 [FXGL Background Thread 3 ] DEBUG Engine               - class com.almasb.fxgl.audio.AudioPlayer
10:32:38.186 [FXGL Background Thread 3 ] DEBUG Engine               - class com.almasb.fxgl.notification.impl.NotificationServiceProvider
10:32:38.186 [FXGL Background Thread 3 ] DEBUG Engine               - class com.almasb.fxgl.achievement.AchievementService
10:32:38.186 [FXGL Background Thread 3 ] DEBUG Engine               - class com.almasb.fxgl.cutscene.CutsceneService
10:32:38.186 [FXGL Background Thread 3 ] DEBUG Engine               - class com.almasb.fxgl.minigames.MiniGameService
10:32:38.186 [FXGL Background Thread 3 ] DEBUG Engine               - class com.almasb.fxgl.net.NetService
10:32:38.186 [FXGL Background Thread 3 ] DEBUG Engine               - class com.almasb.fxgl.app.services.UpdaterService
10:32:38.186 [FXGL Background Thread 3 ] DEBUG Engine               - class com.almasb.fxgl.dev.DevService
10:32:52.272 [JavaFX Application Thread] DEBUG FXGLApplication      - Exiting FXGL
10:32:52.273 [JavaFX Application Thread] DEBUG Async                - Shutting down background threads
10:32:52.273 [JavaFX Application Thread] DEBUG PrimaryStageWindow   - Closing main window
10:32:52.281 [JavaFX Application Thread] DEBUG Logger               - Closing Logger
