12:18:54.072 [main                     ] DEBUG Logger               - Configured Logger
12:18:54.096 [main                     ] DEBUG GameApplication      - Logging settings
Title: Basic Game App
Version: 0.0
Width: 800
Height: 600
Fullscreen: false
Intro: false
Profiling: false
Single step:false
App Mode: DEVELOPER
Menu Key: ESCAPE
Stage Style: DECORATED
Scene Factory: class com.almasb.fxgl.app.scene.SceneFactory

12:18:54.474 [JavaFX Application Thread] DEBUG FXGLApplication      - Initializing FXGL
12:18:54.479 [JavaFX Application Thread] INFO  Engine               - FXGL-17.1 (24.03.2022 17.34) on WINDOWS (J:17 FX:17.0.6)
12:18:54.480 [JavaFX Application Thread] DEBUG Engine               - JRE Vendor Name: Oracle Corporation
12:18:54.480 [JavaFX Application Thread] DEBUG Engine               - Running on OS: Windows 10 version 10.0
12:18:54.480 [JavaFX Application Thread] DEBUG Engine               - Architecture: amd64
12:18:54.480 [JavaFX Application Thread] INFO  Engine               - Source code and latest versions at: https://github.com/AlmasB/FXGL
12:18:54.480 [JavaFX Application Thread] INFO  Engine               -       Ask questions and discuss at: https://github.com/AlmasB/FXGL/discussions
12:18:54.481 [JavaFX Application Thread] INFO  Engine               -              Join the FXGL chat at: https://gitter.im/AlmasB/FXGL
12:18:54.562 [JavaFX Application Thread] DEBUG PrimaryStageWindow   - Creating a JavaFX scene
12:18:54.604 [JavaFX Application Thread] DEBUG PrimaryStageWindow   - Target settings size: 800.0 x 600.0
12:18:54.604 [JavaFX Application Thread] DEBUG PrimaryStageWindow   - Scaled scene size:    800.0 x 600.0
12:18:54.604 [JavaFX Application Thread] DEBUG PrimaryStageWindow   - Scaled ratio: (1.0, 1.0)
12:18:54.605 [JavaFX Application Thread] DEBUG PrimaryStageWindow   - Set initial scene to FXGLStartupScene
12:18:54.610 [JavaFX Application Thread] DEBUG PrimaryStageWindow   - Opening main window
12:18:54.700 [JavaFX Application Thread] DEBUG PrimaryStageWindow   - Window border size: (16.0, 39.0)
12:18:54.700 [JavaFX Application Thread] DEBUG PrimaryStageWindow   - Scaled size: 800.0 x 600.0
12:18:54.700 [JavaFX Application Thread] DEBUG PrimaryStageWindow   - Scaled ratio: (1.0, 1.0)
12:18:54.700 [JavaFX Application Thread] DEBUG PrimaryStageWindow   - Scene size: 800.0 x 600.0
12:18:54.700 [JavaFX Application Thread] DEBUG PrimaryStageWindow   - Stage size: 816.0 x 639.0
12:18:54.708 [FXGL Background Thread 1 ] DEBUG Engine               - Initializing environment variables
12:18:54.741 [FXGL Background Thread 1 ] DEBUG FXGLAssetLoaderServi - User app class for loading assets: class com.gemasoft.gema_engine.CubeApplication
12:18:54.741 [FXGL Background Thread 1 ] DEBUG GameApplicationServi - Applying CSS: fxgl_dark.css
12:18:54.743 [FXGL Background Thread 1 ] DEBUG FXGLAssetLoaderServi - Loading from file system: jar:file:///C:/Users/m1gmartin/.m2/repository/com/github/almasb/fxgl/17.1/fxgl-17.1.jar!/fxglassets/ui/css/fxgl_dark.css
12:18:54.822 [FXGL Background Thread 1 ] DEBUG GameApplicationServi - Initializing application scenes
12:18:54.876 [FXGL Background Thread 1 ] DEBUG GameWorld            - Game world initialized
12:18:54.959 [FXGL Background Thread 1 ] DEBUG PhysicsWorld         - Physics world initialized: appHeight=600, physics.ppm=50.0
12:18:54.960 [FXGL Background Thread 1 ] DEBUG PhysicsWorld         - Using strategy: BRUTE_FORCE
12:18:54.970 [FXGL Background Thread 1 ] DEBUG GameScene            - Game scene initialized: 800x600
12:18:54.984 [FXGL Background Thread 1 ] DEBUG FXGL.DefaultMenu     - createMenuBodyGameMenu()
12:18:54.996 [FXGL Background Thread 1 ] DEBUG FXGL.DefaultMenu     - createOptionsMenu()
12:18:55.008 [FXGL Background Thread 1 ] DEBUG FXGLAssetLoaderServi - Loading from file system: jar:file:///C:/Users/m1gmartin/.m2/repository/com/github/almasb/fxgl/17.1/fxgl-17.1.jar!/fxglassets/textures/particles/smoke.png
12:18:55.092 [FXGL Background Thread 1 ] DEBUG FXGLAssetLoaderServi - Loading from file system: jar:file:///C:/Users/m1gmartin/.m2/repository/com/github/almasb/fxgl/17.1/fxgl-17.1.jar!/fxglassets/textures/particles/trace_horizontal.png
12:18:55.119 [FXGL Background Thread 1 ] DEBUG GameApplicationServi - Application scenes initialized
12:18:55.132 [FXGL Background Thread 1 ] DEBUG SystemBundleService  - Loading FXGL system data
12:18:55.137 [FXGL Background Thread 1 ] DEBUG FileSystemAccess     - Reading from: C:\Users\m1gmartin\IdeaProjects\GemaEngine\system\fxgl.bundle
12:18:55.144 [FXGL Background Thread 1 ] DEBUG SystemBundleService  - Bundle FXGL: {}
12:18:55.144 [FXGL Background Thread 1 ] DEBUG UpdaterService       - Checking for updates
12:18:55.147 [FXGL Background Thread 4 ] DEBUG FXGLApplication      - Loading fonts
12:18:55.147 [FXGL Background Thread 1 ] DEBUG FXGLApplication      - Loading default localization
12:18:55.147 [FXGL Background Thread 4 ] DEBUG FXGLAssetLoaderServi - Loading from file system: jar:file:///C:/Users/m1gmartin/.m2/repository/com/github/almasb/fxgl/17.1/fxgl-17.1.jar!/fxglassets/ui/fonts/VarelaRound-Regular.ttf
12:18:55.148 [FXGL Background Thread 1 ] DEBUG FXGLAssetLoaderServi - Loading from file system: jar:file:///C:/Users/m1gmartin/.m2/repository/com/github/almasb/fxgl/17.1/fxgl-17.1.jar!/fxglassets/languages/english.lang
12:18:55.161 [FXGL Background Thread 1 ] INFO  FXGLApplication      - FXGL initialization took: 0.453 sec
12:18:55.162 [JavaFX Application Thread] DEBUG FXGLAssetLoaderServi - Loading from file system: jar:file:///C:/Users/m1gmartin/.m2/repository/com/github/almasb/fxgl/17.1/fxgl-17.1.jar!/fxglassets/textures/fxgl_icon.png
12:18:55.181 [JavaFX Application Thread] DEBUG FXGLAssetLoaderServi - Loading from file system: jar:file:///C:/Users/m1gmartin/.m2/repository/com/github/almasb/fxgl/17.1/fxgl-17.1.jar!/fxglassets/textures/fxgl_default_cursor.png
12:18:55.191 [JavaFX Application Thread] DEBUG Input                - Registered new binding: Screenshot - CTRL+8
12:18:55.192 [JavaFX Application Thread] DEBUG Input                - Registered new binding: System info dump - CTRL+9
12:18:55.193 [JavaFX Application Thread] DEBUG Input                - Registered new binding: Restart - CTRL+R
12:18:55.195 [JavaFX Application Thread] DEBUG Input                - Registered new binding: Toggle Debug Camera - CTRL+7
12:18:55.197 [JavaFX Application Thread] DEBUG LoopRunner           - Starting loop
12:18:55.197 [JavaFX Application Thread] DEBUG LoopRunner           - Initializing JavaFX AnimationTimerLoop
12:18:55.198 [JavaFX Application Thread] DEBUG GameApplicationServi - Starting new game
12:18:55.199 [JavaFX Application Thread] DEBUG Input                - Clearing active input actions
12:18:55.208 [JavaFX Application Thread] DEBUG GameApplicationServi - Removing overlay from FXGLStartupScene and adding to FXGLLoadingScene
12:18:55.209 [JavaFX Application Thread] DEBUG PrimaryStageWindow   - FXGLStartupScene -> FXGLLoadingScene
12:18:55.209 [JavaFX Application Thread] DEBUG GameApplicationServi - Clearing previous game
12:18:55.209 [JavaFX Application Thread] DEBUG GameScene            - Clearing game scene
12:18:55.209 [JavaFX Application Thread] DEBUG GameWorld            - Clearing game world
12:18:55.209 [JavaFX Application Thread] DEBUG PhysicsWorld         - Clearing physics world
12:18:55.210 [FXGL Background Thread 1 ] DEBUG FXGLApplication      - Initializing game
12:18:55.211 [FXGL Background Thread 1 ] INFO  FXGLApplication      - Game initialization took: 0.001 sec
12:18:55.239 [JavaFX Application Thread] DEBUG Input                - Clearing active input actions
12:18:55.245 [JavaFX Application Thread] DEBUG GameApplicationServi - Removing overlay from FXGLLoadingScene and adding to GameScene
12:18:55.246 [JavaFX Application Thread] DEBUG PrimaryStageWindow   - FXGLLoadingScene -> GameScene
12:18:55.270 [FXGL Background Thread 4 ] DEBUG FXGLAssetLoaderServi - Loading from file system: jar:file:///C:/Users/m1gmartin/.m2/repository/com/github/almasb/fxgl/17.1/fxgl-17.1.jar!/fxglassets/ui/fonts/Abel-Regular.ttf
12:18:55.276 [FXGL Background Thread 4 ] DEBUG FXGLAssetLoaderServi - Loading from file system: jar:file:///C:/Users/m1gmartin/.m2/repository/com/github/almasb/fxgl/17.1/fxgl-17.1.jar!/fxglassets/ui/fonts/TerminalLandMono-Regular.otf
12:18:55.281 [FXGL Background Thread 4 ] DEBUG FXGLAssetLoaderServi - Loading from file system: jar:file:///C:/Users/m1gmartin/.m2/repository/com/github/almasb/fxgl/17.1/fxgl-17.1.jar!/fxglassets/ui/fonts/Courier-Prime.ttf
12:18:55.300 [JavaFX Application Thread] DEBUG FXGLApplication      - Registering font factories with UI factory
12:18:55.704 [FXGL Background Thread 2 ] INFO  UpdaterService       - Your current version:  17.1
12:18:55.704 [FXGL Background Thread 2 ] INFO  UpdaterService       - Latest stable version: 21
12:18:58.147 [FXGL Background Thread 3 ] DEBUG Engine               - Logging environment variables
12:18:58.147 [FXGL Background Thread 3 ] DEBUG Engine               - achievements: []
12:18:58.147 [FXGL Background Thread 3 ] DEBUG Engine               - actualHeight: 600.0
12:18:58.147 [FXGL Background Thread 3 ] DEBUG Engine               - actualHeightProperty: ReadOnlyDoubleProperty [value: 600.0]
12:18:58.147 [FXGL Background Thread 3 ] DEBUG Engine               - actualWidth: 800.0
12:18:58.147 [FXGL Background Thread 3 ] DEBUG Engine               - actualWidthProperty: ReadOnlyDoubleProperty [value: 800.0]
12:18:58.148 [FXGL Background Thread 3 ] DEBUG Engine               - appIcon: fxgl_icon.png
12:18:58.148 [FXGL Background Thread 3 ] DEBUG Engine               - applicationMode: DEVELOPER
12:18:58.148 [FXGL Background Thread 3 ] DEBUG Engine               - cSSList: [fxgl_dark.css]
12:18:58.148 [FXGL Background Thread 3 ] DEBUG Engine               - collisionDetectionStrategy: BRUTE_FORCE
12:18:58.148 [FXGL Background Thread 3 ] DEBUG Engine               - configClass: Optional.empty
12:18:58.148 [FXGL Background Thread 3 ] DEBUG Engine               - credits: []
12:18:58.148 [FXGL Background Thread 3 ] DEBUG Engine               - defaultCursor: CursorInfo(imageName=fxgl_default_cursor.png, hotspotX=7.0, hotspotY=6.0)
12:18:58.148 [FXGL Background Thread 3 ] DEBUG Engine               - devBBoxColorProperty: ObjectProperty [value: 0xff0000ff]
12:18:58.148 [FXGL Background Thread 3 ] DEBUG Engine               - devEnableDebugCameraProperty: BooleanProperty [value: false]
12:18:58.149 [FXGL Background Thread 3 ] DEBUG Engine               - devSensorColorProperty: ObjectProperty [value: 0xffff00ff]
12:18:58.149 [FXGL Background Thread 3 ] DEBUG Engine               - devShowBBoxProperty: BooleanProperty [value: false]
12:18:58.149 [FXGL Background Thread 3 ] DEBUG Engine               - devShowPositionProperty: BooleanProperty [value: false]
12:18:58.149 [FXGL Background Thread 3 ] DEBUG Engine               - enabledMenuItems: []
12:18:58.149 [FXGL Background Thread 3 ] DEBUG Engine               - engineServices: [class com.almasb.fxgl.app.services.FXGLAssetLoaderService, class com.almasb.fxgl.app.FXGLApplication$GameApplicationService, class com.almasb.fxgl.app.services.FXGLDialogService, class com.almasb.fxgl.app.services.IOTaskExecutorService, class com.almasb.fxgl.io.FileSystemService, class com.almasb.fxgl.localization.LocalizationService, class com.almasb.fxgl.app.services.SystemBundleService, class com.almasb.fxgl.profile.SaveLoadService, class com.almasb.fxgl.ui.FXGLUIFactoryServiceProvider, class com.almasb.fxgl.ui.FXGLDialogFactoryServiceProvider, class com.almasb.fxgl.audio.AudioPlayer, class com.almasb.fxgl.notification.impl.NotificationServiceProvider, class com.almasb.fxgl.achievement.AchievementService, class com.almasb.fxgl.cutscene.CutsceneService, class com.almasb.fxgl.minigames.MiniGameService, class com.almasb.fxgl.net.NetService, class com.almasb.fxgl.app.services.UpdaterService, class com.almasb.fxgl.dev.DevService]
12:18:58.149 [FXGL Background Thread 3 ] DEBUG Engine               - fontGame: Abel-Regular.ttf
12:18:58.150 [FXGL Background Thread 3 ] DEBUG Engine               - fontMono: TerminalLandMono-Regular.otf
12:18:58.150 [FXGL Background Thread 3 ] DEBUG Engine               - fontText: Courier-Prime.ttf
12:18:58.150 [FXGL Background Thread 3 ] DEBUG Engine               - fontUI: VarelaRound-Regular.ttf
12:18:58.150 [FXGL Background Thread 3 ] DEBUG Engine               - fullScreen: BooleanProperty [value: false]
12:18:58.150 [FXGL Background Thread 3 ] DEBUG Engine               - gameDifficulty: MEDIUM
12:18:58.150 [FXGL Background Thread 3 ] DEBUG Engine               - gameDifficultyProperty: ObjectProperty [value: MEDIUM]
12:18:58.150 [FXGL Background Thread 3 ] DEBUG Engine               - globalMusicVolume: 0.5
12:18:58.151 [FXGL Background Thread 3 ] DEBUG Engine               - globalMusicVolumeProperty: DoubleProperty [value: 0.5]
12:18:58.151 [FXGL Background Thread 3 ] DEBUG Engine               - globalSoundVolume: 0.5
12:18:58.151 [FXGL Background Thread 3 ] DEBUG Engine               - globalSoundVolumeProperty: DoubleProperty [value: 0.5]
12:18:58.151 [FXGL Background Thread 3 ] DEBUG Engine               - height: 600
12:18:58.151 [FXGL Background Thread 3 ] DEBUG Engine               - is3D: false
12:18:58.151 [FXGL Background Thread 3 ] DEBUG Engine               - isAndroid: false
12:18:58.151 [FXGL Background Thread 3 ] DEBUG Engine               - isBrowser: false
12:18:58.151 [FXGL Background Thread 3 ] DEBUG Engine               - isClickFeedbackEnabled: false
12:18:58.151 [FXGL Background Thread 3 ] DEBUG Engine               - isCloseConfirmation: false
12:18:58.151 [FXGL Background Thread 3 ] DEBUG Engine               - isDesktop: true
12:18:58.151 [FXGL Background Thread 3 ] DEBUG Engine               - isDeveloperMenuEnabled: false
12:18:58.151 [FXGL Background Thread 3 ] DEBUG Engine               - isEmbedded: false
12:18:58.151 [FXGL Background Thread 3 ] DEBUG Engine               - isEntityPreloadEnabled: true
12:18:58.152 [FXGL Background Thread 3 ] DEBUG Engine               - isExperimentalTiledLargeMap: false
12:18:58.152 [FXGL Background Thread 3 ] DEBUG Engine               - isFileSystemWriteAllowed: true
12:18:58.152 [FXGL Background Thread 3 ] DEBUG Engine               - isFullScreenAllowed: false
12:18:58.152 [FXGL Background Thread 3 ] DEBUG Engine               - isFullScreenFromStart: false
12:18:58.152 [FXGL Background Thread 3 ] DEBUG Engine               - isGameMenuEnabled: true
12:18:58.152 [FXGL Background Thread 3 ] DEBUG Engine               - isIOS: false
12:18:58.152 [FXGL Background Thread 3 ] DEBUG Engine               - isIntroEnabled: false
12:18:58.152 [FXGL Background Thread 3 ] DEBUG Engine               - isLinux: false
12:18:58.152 [FXGL Background Thread 3 ] DEBUG Engine               - isMac: false
12:18:58.152 [FXGL Background Thread 3 ] DEBUG Engine               - isMainMenuEnabled: false
12:18:58.152 [FXGL Background Thread 3 ] DEBUG Engine               - isManualResizeEnabled: false
12:18:58.152 [FXGL Background Thread 3 ] DEBUG Engine               - isMobile: false
12:18:58.152 [FXGL Background Thread 3 ] DEBUG Engine               - isNative: false
12:18:58.152 [FXGL Background Thread 3 ] DEBUG Engine               - isPauseMusicWhenMinimized: true
12:18:58.152 [FXGL Background Thread 3 ] DEBUG Engine               - isPreserveResizeRatio: false
12:18:58.152 [FXGL Background Thread 3 ] DEBUG Engine               - isProfilingEnabled: false
12:18:58.153 [FXGL Background Thread 3 ] DEBUG Engine               - isScaleAffectedOnResize: true
12:18:58.153 [FXGL Background Thread 3 ] DEBUG Engine               - isSingleStep: false
12:18:58.153 [FXGL Background Thread 3 ] DEBUG Engine               - isUserProfileEnabled: false
12:18:58.153 [FXGL Background Thread 3 ] DEBUG Engine               - isWindows: true
12:18:58.153 [FXGL Background Thread 3 ] DEBUG Engine               - language: ObjectProperty [value: ENGLISH]
12:18:58.153 [FXGL Background Thread 3 ] DEBUG Engine               - menuKey: ESCAPE
12:18:58.153 [FXGL Background Thread 3 ] DEBUG Engine               - mouseSensitivity: 0.2
12:18:58.153 [FXGL Background Thread 3 ] DEBUG Engine               - notificationViewClass: class com.almasb.fxgl.notification.view.XboxNotificationView
12:18:58.153 [FXGL Background Thread 3 ] DEBUG Engine               - pixelsPerMeter: 50.0
12:18:58.153 [FXGL Background Thread 3 ] DEBUG Engine               - platform: WINDOWS
12:18:58.153 [FXGL Background Thread 3 ] DEBUG Engine               - prefHeightProperty: ReadOnlyDoubleProperty [value: 600.0]
12:18:58.153 [FXGL Background Thread 3 ] DEBUG Engine               - prefWidthProperty: ReadOnlyDoubleProperty [value: 800.0]
12:18:58.153 [FXGL Background Thread 3 ] DEBUG Engine               - profileDir: profiles/
12:18:58.153 [FXGL Background Thread 3 ] DEBUG Engine               - profileName: StringProperty [value: DEFAULT]
12:18:58.153 [FXGL Background Thread 3 ] DEBUG Engine               - randomSeed: -1
12:18:58.154 [FXGL Background Thread 3 ] DEBUG Engine               - runtimeInfo: RuntimeInfo(platform=WINDOWS, version=17.1, build=24.03.2022 17.34)
12:18:58.154 [FXGL Background Thread 3 ] DEBUG Engine               - saveFileExt: sav
12:18:58.154 [FXGL Background Thread 3 ] DEBUG Engine               - scaledHeightProp$fxgl: DoubleProperty [bound, value: 600.0]
12:18:58.154 [FXGL Background Thread 3 ] DEBUG Engine               - scaledWidthProp$fxgl: DoubleProperty [bound, value: 800.0]
12:18:58.154 [FXGL Background Thread 3 ] DEBUG Engine               - sceneFactory: com.almasb.fxgl.app.scene.SceneFactory@1729cdc6
12:18:58.154 [FXGL Background Thread 3 ] DEBUG Engine               - secondsIn24h: 60
12:18:58.154 [FXGL Background Thread 3 ] DEBUG Engine               - soundMenuBack: menu/back.wav
12:18:58.154 [FXGL Background Thread 3 ] DEBUG Engine               - soundMenuPress: menu/press.wav
12:18:58.154 [FXGL Background Thread 3 ] DEBUG Engine               - soundMenuSelect: menu/select.wav
12:18:58.154 [FXGL Background Thread 3 ] DEBUG Engine               - soundNotification: core/notification.wav
12:18:58.154 [FXGL Background Thread 3 ] DEBUG Engine               - stageStyle: DECORATED
12:18:58.154 [FXGL Background Thread 3 ] DEBUG Engine               - supportedLanguages: [ENGLISH, FRENCH, GERMAN, HUNGARIAN, RUSSIAN]
12:18:58.154 [FXGL Background Thread 3 ] DEBUG Engine               - ticksPerSecond: -1
12:18:58.154 [FXGL Background Thread 3 ] DEBUG Engine               - title: Basic Game App
12:18:58.155 [FXGL Background Thread 3 ] DEBUG Engine               - urlGithub: https://github.com/AlmasB/FXGL
12:18:58.155 [FXGL Background Thread 3 ] DEBUG Engine               - urlLeaderboard: http://fxgl-top.herokuapp.com/
12:18:58.155 [FXGL Background Thread 3 ] DEBUG Engine               - urlPOM: https://raw.githubusercontent.com/AlmasB/FXGL/release/README.md
12:18:58.155 [FXGL Background Thread 3 ] DEBUG Engine               - userAppClass: class com.gemasoft.gema_engine.CubeApplication
12:18:58.155 [FXGL Background Thread 3 ] DEBUG Engine               - version: 0.0
12:18:58.155 [FXGL Background Thread 3 ] DEBUG Engine               - versionCheckDays: 7
12:18:58.155 [FXGL Background Thread 3 ] DEBUG Engine               - width: 800
12:18:58.155 [FXGL Background Thread 3 ] DEBUG Engine               - Logging services
12:18:58.155 [FXGL Background Thread 3 ] DEBUG Engine               - class com.almasb.fxgl.app.services.FXGLAssetLoaderService
12:18:58.155 [FXGL Background Thread 3 ] DEBUG Engine               - class com.almasb.fxgl.app.FXGLApplication$GameApplicationService
12:18:58.155 [FXGL Background Thread 3 ] DEBUG Engine               - class com.almasb.fxgl.app.services.FXGLDialogService
12:18:58.155 [FXGL Background Thread 3 ] DEBUG Engine               - class com.almasb.fxgl.app.services.IOTaskExecutorService
12:18:58.155 [FXGL Background Thread 3 ] DEBUG Engine               - class com.almasb.fxgl.io.FileSystemService
12:18:58.156 [FXGL Background Thread 3 ] DEBUG Engine               - class com.almasb.fxgl.localization.LocalizationService
12:18:58.156 [FXGL Background Thread 3 ] DEBUG Engine               - class com.almasb.fxgl.app.services.SystemBundleService
12:18:58.156 [FXGL Background Thread 3 ] DEBUG Engine               - class com.almasb.fxgl.profile.SaveLoadService
12:18:58.156 [FXGL Background Thread 3 ] DEBUG Engine               - class com.almasb.fxgl.ui.FXGLUIFactoryServiceProvider
12:18:58.156 [FXGL Background Thread 3 ] DEBUG Engine               - class com.almasb.fxgl.ui.FXGLDialogFactoryServiceProvider
12:18:58.156 [FXGL Background Thread 3 ] DEBUG Engine               - class com.almasb.fxgl.audio.AudioPlayer
12:18:58.156 [FXGL Background Thread 3 ] DEBUG Engine               - class com.almasb.fxgl.notification.impl.NotificationServiceProvider
12:18:58.156 [FXGL Background Thread 3 ] DEBUG Engine               - class com.almasb.fxgl.achievement.AchievementService
12:18:58.156 [FXGL Background Thread 3 ] DEBUG Engine               - class com.almasb.fxgl.cutscene.CutsceneService
12:18:58.156 [FXGL Background Thread 3 ] DEBUG Engine               - class com.almasb.fxgl.minigames.MiniGameService
12:18:58.156 [FXGL Background Thread 3 ] DEBUG Engine               - class com.almasb.fxgl.net.NetService
12:18:58.156 [FXGL Background Thread 3 ] DEBUG Engine               - class com.almasb.fxgl.app.services.UpdaterService
12:18:58.156 [FXGL Background Thread 3 ] DEBUG Engine               - class com.almasb.fxgl.dev.DevService
12:19:08.096 [JavaFX Application Thread] DEBUG FXGLApplication      - Exiting FXGL
12:19:08.096 [JavaFX Application Thread] DEBUG LoopRunner           - Stopping loop
12:19:08.096 [JavaFX Application Thread] DEBUG SystemBundleService  - Saving FXGL system data
12:19:08.098 [JavaFX Application Thread] DEBUG FileSystemAccess     - Writing to: C:\Users\m1gmartin\IdeaProjects\GemaEngine\system\fxgl.bundle
12:19:08.099 [JavaFX Application Thread] DEBUG Async                - Shutting down background threads
12:19:08.099 [JavaFX Application Thread] DEBUG PrimaryStageWindow   - Closing main window
12:19:08.109 [JavaFX Application Thread] DEBUG Logger               - Closing Logger
